Log file open, 06/13/23 01:13:33
LogWindows: Failed to load 'aqProf.dll' (GetLastError=126)
LogWindows: File 'aqProf.dll' does not exist
LogWindows: Failed to load 'VtuneApi.dll' (GetLastError=126)
LogWindows: File 'VtuneApi.dll' does not exist
LogWindows: Failed to load 'VtuneApi32e.dll' (GetLastError=126)
LogWindows: File 'VtuneApi32e.dll' does not exist
LogConsoleResponse: Display: Failed to find resolution value strings in scalability ini. Falling back to default.
LogConsoleResponse: Display: Failed to find resolution value strings in scalability ini. Falling back to default.
LogInit: Display: Running engine for game: TownLevel
LogPlatformFile: Not using cached read wrapper
LogTaskGraph: Started task graph with 5 named threads and 47 total threads with 3 sets of task threads.
LogStats: Stats thread started at 0.520480
LogICUInternationalization: ICU TimeZone Detection - Raw Offset: -5:00, Platform Override: ''
LogInit: Display: Loading text-based GConfig....
LogPluginManager: Mounting plugin MeshPainting
LogPluginManager: Mounting plugin XGEController
LogPluginManager: Mounting plugin Paper2D
LogPluginManager: Mounting plugin AISupport
LogPluginManager: Mounting plugin EnvironmentQueryEditor
LogPluginManager: Mounting plugin LiveLink
LogPluginManager: Mounting plugin LightPropagationVolume
LogPluginManager: Mounting plugin CameraShakePreviewer
LogPluginManager: Mounting plugin GameplayCameras
LogPluginManager: Mounting plugin AnimationSharing
LogPluginManager: Mounting plugin OodleData
LogPluginManager: Mounting plugin CodeLiteSourceCodeAccess
LogPluginManager: Mounting plugin CLionSourceCodeAccess
LogPluginManager: Mounting plugin NullSourceCodeAccess
LogPluginManager: Mounting plugin PlasticSourceControl
LogPluginManager: Mounting plugin PerforceSourceControl
LogPluginManager: Mounting plugin PixWinPlugin
LogPluginManager: Mounting plugin PluginUtils
LogPluginManager: Mounting plugin PropertyAccessNode
LogPluginManager: Mounting plugin SubversionSourceControl
LogPluginManager: Mounting plugin RiderSourceCodeAccess
LogPluginManager: Mounting plugin GitSourceControl
LogPluginManager: Mounting plugin UObjectPlugin
LogPluginManager: Mounting plugin VisualStudioCodeSourceCodeAccess
LogPluginManager: Mounting plugin VisualStudioSourceCodeAccess
LogPluginManager: Mounting plugin OodleNetwork
LogPluginManager: Mounting plugin TextureFormatOodle
LogPluginManager: Mounting plugin KDevelopSourceCodeAccess
LogPluginManager: Mounting plugin DatasmithContent
LogPluginManager: Mounting plugin AssetManagerEditor
LogPluginManager: Mounting plugin XCodeSourceCodeAccess
LogPluginManager: Mounting plugin CurveEditorTools
LogPluginManager: Mounting plugin CryptoKeys
LogPluginManager: Mounting plugin FacialAnimation
LogPluginManager: Mounting plugin DataValidation
LogPluginManager: Mounting plugin GameplayTagsEditor
LogPluginManager: Mounting plugin GeometryMode
LogPluginManager: Mounting plugin VariantManagerContent
LogPluginManager: Mounting plugin MobileLauncherProfileWizard
LogPluginManager: Mounting plugin MaterialAnalyzer
LogPluginManager: Mounting plugin PluginBrowser
LogPluginManager: Mounting plugin AutomationUtils
LogPluginManager: Mounting plugin SpeedTreeImporter
LogPluginManager: Mounting plugin BackChannel
LogPluginManager: Mounting plugin MacGraphicsSwitching
LogPluginManager: Mounting plugin ChaosSolverPlugin
LogPluginManager: Mounting plugin ChaosEditor
LogPluginManager: Mounting plugin ChaosNiagara
LogPluginManager: Mounting plugin CharacterAI
LogPluginManager: Mounting plugin ChaosCloth
LogPluginManager: Mounting plugin AlembicImporter
LogPluginManager: Mounting plugin ChaosClothEditor
LogPluginManager: Mounting plugin GeometryCache
LogPluginManager: Mounting plugin GeometryCollectionPlugin
LogPluginManager: Mounting plugin GeometryProcessing
LogPluginManager: Mounting plugin Niagara
LogPluginManager: Mounting plugin MotoSynth
LogPluginManager: Mounting plugin OpenImageDenoise
LogPluginManager: Mounting plugin PlanarCut
LogPluginManager: Mounting plugin ProxyLODPlugin
LogPluginManager: Mounting plugin PlatformCrypto
LogPluginManager: Mounting plugin SkeletalReduction
LogPluginManager: Mounting plugin PythonScriptPlugin
LogPluginManager: Mounting plugin LuminPlatformFeatures
LogPluginManager: Mounting plugin MagicLeap
LogPluginManager: Mounting plugin MagicLeapLightEstimation
LogPluginManager: Mounting plugin MagicLeapMedia
LogPluginManager: Mounting plugin MagicLeapPassableWorld
LogPluginManager: Mounting plugin AndroidMedia
LogPluginManager: Mounting plugin AvfMedia
LogPluginManager: Mounting plugin MLSDK
LogPluginManager: Mounting plugin ImgMedia
LogPluginManager: Mounting plugin MediaCompositing
LogPluginManager: Mounting plugin MediaPlayerEditor
LogPluginManager: Mounting plugin WebMMedia
LogPluginManager: Mounting plugin WmfMedia
LogPluginManager: Mounting plugin TcpMessaging
LogPluginManager: Mounting plugin UdpMessaging
LogPluginManager: Mounting plugin ActorSequence
LogPluginManager: Mounting plugin LevelSequenceEditor
LogPluginManager: Mounting plugin MatineeToLevelSequence
LogPluginManager: Mounting plugin TemplateSequence
LogPluginManager: Mounting plugin OnlineSubsystem
LogPluginManager: Mounting plugin LauncherChunkInstaller
LogPluginManager: Mounting plugin ActorLayerUtilities
LogPluginManager: Mounting plugin AndroidDeviceProfileSelector
LogPluginManager: Mounting plugin AndroidMoviePlayer
LogPluginManager: Mounting plugin AndroidPermission
LogPluginManager: Mounting plugin OnlineSubsystemUtils
LogPluginManager: Mounting plugin ArchVisCharacter
LogPluginManager: Mounting plugin AssetTags
LogPluginManager: Mounting plugin AudioCapture
LogPluginManager: Mounting plugin AppleMoviePlayer
LogPluginManager: Mounting plugin ChunkDownloader
LogPluginManager: Mounting plugin AudioSynesthesia
LogPluginManager: Mounting plugin AppleImageUtils
LogPluginManager: Mounting plugin CableComponent
LogPluginManager: Mounting plugin CustomMeshComponent
LogPluginManager: Mounting plugin EditableMesh
LogPluginManager: Mounting plugin ExampleDeviceProfileSelector
LogPluginManager: Mounting plugin GooglePAD
LogPluginManager: Mounting plugin GoogleCloudMessaging
LogPluginManager: Mounting plugin IOSDeviceProfileSelector
LogPluginManager: Mounting plugin LinuxDeviceProfileSelector
LogPluginManager: Mounting plugin LocationServicesBPLibrary
LogPluginManager: Mounting plugin MobilePatchingUtils
LogPluginManager: Mounting plugin OpenXR
LogPluginManager: Mounting plugin OpenXREyeTracker
LogPluginManager: Mounting plugin OpenXRHandTracking
LogPluginManager: Mounting plugin PostSplashScreen
LogPluginManager: Mounting plugin PhysXVehicles
LogPluginManager: Mounting plugin PropertyAccessEditor
LogPluginManager: Mounting plugin ProceduralMeshComponent
LogPluginManager: Mounting plugin RuntimePhysXCooking
LogPluginManager: Mounting plugin SignificanceManager
LogPluginManager: Mounting plugin OnlineSubsystemNull
LogPluginManager: Mounting plugin SoundFields
LogPluginManager: Mounting plugin WindowsMoviePlayer
LogPluginManager: Mounting plugin WebMMoviePlayer
LogPluginManager: Mounting plugin Synthesis
LogPluginManager: Mounting plugin ScreenshotTools
LogPluginManager: Mounting plugin Takes
LogPluginManager: Mounting plugin ContentBrowserAssetDataSource
LogPluginManager: Mounting plugin ContentBrowserClassDataSource
LogPluginManager: Mounting plugin ContentBrowserFileDataSource
LogPluginManager: Mounting plugin OnlineSubsystemGooglePlay
LogPluginManager: Mounting plugin OnlineSubsystemIOS
LogPluginManager: Mounting plugin OculusVR
LogPluginManager: Mounting plugin SteamVR
PixWinPlugin: PIX capture plugin failed to initialize! Check that the process is launched from PIX.
LogInit: Using libcurl 7.55.1-DEV
LogInit:  - built for x86_64-pc-win32
LogInit:  - supports SSL with OpenSSL/1.1.1
LogInit:  - supports HTTP deflate (compression) using libz 1.2.8
LogInit:  - other features:
LogInit:      CURL_VERSION_SSL
LogInit:      CURL_VERSION_LIBZ
LogInit:      CURL_VERSION_IPV6
LogInit:      CURL_VERSION_ASYNCHDNS
LogInit:      CURL_VERSION_LARGEFILE
LogInit:      CURL_VERSION_IDN
LogInit:  CurlRequestOptions (configurable via config and command line):
LogInit:  - bVerifyPeer = true  - Libcurl will verify peer certificate
LogInit:  - bUseHttpProxy = false  - Libcurl will NOT use HTTP proxy
LogInit:  - bDontReuseConnections = false  - Libcurl will reuse connections
LogInit:  - MaxHostConnections = 16  - Libcurl will limit the number of connections to a host
LogInit:  - LocalHostAddr = Default
LogInit:  - BufferSize = 65536
LogOnline: OSS: Creating online subsystem instance for: NULL
LogInit: WinSock: version 1.1 (2.2), MaxSocks=32767, MaxUdp=65467
LogOnline: OSS: TryLoadSubsystemAndSetDefault: Loaded subsystem for module [NULL]
LogOculusPluginWrapper: OculusPlugin initialized successfully
LogHMD: Failed initializing OVRPlugin 1.59.0
LogInit: Build: ++UE4+Release-4.27-CL-18319896
LogInit: Engine Version: 4.27.2-18319896+++UE4+Release-4.27
LogInit: Compatible Engine Version: 4.27.0-17155196+++UE4+Release-4.27
LogInit: Net CL: 17155196
LogInit: OS: Windows 10 (Release 2009) (), CPU: AMD Ryzen 7 2700 Eight-Core Processor          , GPU: AMD Radeon RX 6700 XT
LogInit: Compiled (64-bit): Nov 30 2021 07:12:08
LogInit: Compiled with Visual C++: 19.24.28315.00
LogInit: Build Configuration: Development
LogInit: Branch Name: ++UE4+Release-4.27
LogInit: Command Line:  -skipcompile
LogInit: Base Directory: C:/Program Files/Epic Games/UE_4.27/Engine/Binaries/Win64/
LogInit: Allocator: TBB
LogInit: Installed Engine Build: 1
LogDevObjectVersion: Number of dev versions registered: 29
LogDevObjectVersion:   Dev-Blueprints (B0D832E4-1F89-4F0D-ACCF-7EB736FD4AA2): 10
LogDevObjectVersion:   Dev-Build (E1C64328-A22C-4D53-A36C-8E866417BD8C): 0
LogDevObjectVersion:   Dev-Core (375EC13C-06E4-48FB-B500-84F0262A717E): 4
LogDevObjectVersion:   Dev-Editor (E4B068ED-F494-42E9-A231-DA0B2E46BB41): 40
LogDevObjectVersion:   Dev-Framework (CFFC743F-43B0-4480-9391-14DF171D2073): 37
LogDevObjectVersion:   Dev-Mobile (B02B49B5-BB20-44E9-A304-32B752E40360): 3
LogDevObjectVersion:   Dev-Networking (A4E4105C-59A1-49B5-A7C5-40C4547EDFEE): 0
LogDevObjectVersion:   Dev-Online (39C831C9-5AE6-47DC-9A44-9C173E1C8E7C): 0
LogDevObjectVersion:   Dev-Physics (78F01B33-EBEA-4F98-B9B4-84EACCB95AA2): 14
LogDevObjectVersion:   Dev-Platform (6631380F-2D4D-43E0-8009-CF276956A95A): 0
LogDevObjectVersion:   Dev-Rendering (12F88B9F-8875-4AFC-A67C-D90C383ABD29): 45
LogDevObjectVersion:   Dev-Sequencer (7B5AE74C-D270-4C10-A958-57980B212A5A): 13
LogDevObjectVersion:   Dev-VR (D7296918-1DD6-4BDD-9DE2-64A83CC13884): 3
LogDevObjectVersion:   Dev-LoadTimes (C2A15278-BFE7-4AFE-6C17-90FF531DF755): 1
LogDevObjectVersion:   Private-Geometry (6EACA3D4-40EC-4CC1-B786-8BED09428FC5): 3
LogDevObjectVersion:   Dev-AnimPhys (29E575DD-E0A3-4627-9D10-D276232CDCEA): 17
LogDevObjectVersion:   Dev-Anim (AF43A65D-7FD3-4947-9873-3E8ED9C1BB05): 15
LogDevObjectVersion:   Dev-ReflectionCapture (6B266CEC-1EC7-4B8F-A30B-E4D90942FC07): 1
LogDevObjectVersion:   Dev-Automation (0DF73D61-A23F-47EA-B727-89E90C41499A): 1
LogDevObjectVersion:   FortniteMain (601D1886-AC64-4F84-AA16-D3DE0DEAC7D6): 47
LogDevObjectVersion:   FortniteRelease (E7086368-6B23-4C58-8439-1B7016265E91): 1
LogDevObjectVersion:   Dev-Enterprise (9DFFBCD6-494F-0158-E221-12823C92A888): 10
LogDevObjectVersion:   Dev-Niagara (F2AED0AC-9AFE-416F-8664-AA7FFA26D6FC): 1
LogDevObjectVersion:   Dev-Destruction (174F1F0B-B4C6-45A5-B13F-2EE8D0FB917D): 10
LogDevObjectVersion:   Dev-Physics-Ext (35F94A83-E258-406C-A318-09F59610247C): 41
LogDevObjectVersion:   Dev-PhysicsMaterial-Chaos (B68FC16E-8B1B-42E2-B453-215C058844FE): 1
LogDevObjectVersion:   Dev-CineCamera (B2E18506-4273-CFC2-A54E-F4BB758BBA07): 1
LogDevObjectVersion:   Dev-VirtualProduction (64F58936-FD1B-42BA-BA96-7289D5D0FA4E): 1
LogDevObjectVersion:   Dev-MediaFramework (6F0ED827-A609-4895-9C91-998D90180EA4): 2
LogInit: Presizing for max 25165824 objects, including 0 objects not considered by GC, pre-allocating 0 bytes for permanent pool.
LogConfig: Applying CVar settings from Section [/Script/Engine.StreamingSettings] File [C:/Users/solan/OneDrive/Documents/Unreal Projects/Town-Level/TownLevel/Saved/Config/Windows/Engine.ini]
LogConfig: Setting CVar [[s.MinBulkDataSizeForAsyncLoading:131072]]
LogConfig: Setting CVar [[s.AsyncLoadingThreadEnabled:0]]
LogConfig: Setting CVar [[s.EventDrivenLoaderEnabled:1]]
LogConfig: Setting CVar [[s.WarnIfTimeLimitExceeded:0]]
LogConfig: Setting CVar [[s.TimeLimitExceededMultiplier:1.5]]
LogConfig: Setting CVar [[s.TimeLimitExceededMinTime:0.005]]
LogConfig: Setting CVar [[s.UseBackgroundLevelStreaming:1]]
LogConfig: Setting CVar [[s.PriorityAsyncLoadingExtraTime:15.0]]
LogConfig: Setting CVar [[s.LevelStreamingActorsUpdateTimeLimit:5.0]]
LogConfig: Setting CVar [[s.PriorityLevelStreamingActorsUpdateExtraTime:5.0]]
LogConfig: Setting CVar [[s.LevelStreamingComponentsRegistrationGranularity:10]]
LogConfig: Setting CVar [[s.UnregisterComponentsTimeLimit:1.0]]
LogConfig: Setting CVar [[s.LevelStreamingComponentsUnregistrationGranularity:5]]
LogConfig: Setting CVar [[s.FlushStreamingOnExit:1]]
LogInit: Object subsystem initialized
LogConfig: Setting CVar [[con.DebugEarlyDefault:1]]
LogConfig: Setting CVar [[r.setres:1280x720]]
[2023.06.13-06.13.35:260][  0]LogConfig: Setting CVar [[r.VSync:0]]
[2023.06.13-06.13.35:260][  0]LogConfig: Setting CVar [[r.RHICmdBypass:0]]
[2023.06.13-06.13.35:260][  0]LogConfig: Applying CVar settings from Section [/Script/Engine.RendererSettings] File [C:/Users/solan/OneDrive/Documents/Unreal Projects/Town-Level/TownLevel/Saved/Config/Windows/Engine.ini]
[2023.06.13-06.13.35:261][  0]LogConfig: Setting CVar [[r.GPUCrashDebugging:0]]
[2023.06.13-06.13.35:261][  0]LogConfig: Applying CVar settings from Section [/Script/Engine.RendererOverrideSettings] File [C:/Users/solan/OneDrive/Documents/Unreal Projects/Town-Level/TownLevel/Saved/Config/Windows/Engine.ini]
[2023.06.13-06.13.35:261][  0]LogConfig: Applying CVar settings from Section [/Script/Engine.StreamingSettings] File [C:/Users/solan/OneDrive/Documents/Unreal Projects/Town-Level/TownLevel/Saved/Config/Windows/Engine.ini]
[2023.06.13-06.13.35:261][  0]LogConfig: Setting CVar [[s.MinBulkDataSizeForAsyncLoading:131072]]
[2023.06.13-06.13.35:261][  0]LogConfig: Setting CVar [[s.AsyncLoadingThreadEnabled:0]]
[2023.06.13-06.13.35:261][  0]LogConfig: Setting CVar [[s.EventDrivenLoaderEnabled:1]]
[2023.06.13-06.13.35:261][  0]LogConfig: Setting CVar [[s.WarnIfTimeLimitExceeded:0]]
[2023.06.13-06.13.35:261][  0]LogConfig: Setting CVar [[s.TimeLimitExceededMultiplier:1.5]]
[2023.06.13-06.13.35:261][  0]LogConfig: Setting CVar [[s.TimeLimitExceededMinTime:0.005]]
[2023.06.13-06.13.35:261][  0]LogConfig: Setting CVar [[s.UseBackgroundLevelStreaming:1]]
[2023.06.13-06.13.35:261][  0]LogConfig: Setting CVar [[s.PriorityAsyncLoadingExtraTime:15.0]]
[2023.06.13-06.13.35:261][  0]LogConfig: Setting CVar [[s.LevelStreamingActorsUpdateTimeLimit:5.0]]
[2023.06.13-06.13.35:261][  0]LogConfig: Setting CVar [[s.PriorityLevelStreamingActorsUpdateExtraTime:5.0]]
[2023.06.13-06.13.35:261][  0]LogConfig: Setting CVar [[s.LevelStreamingComponentsRegistrationGranularity:10]]
[2023.06.13-06.13.35:262][  0]LogConfig: Setting CVar [[s.UnregisterComponentsTimeLimit:1.0]]
[2023.06.13-06.13.35:262][  0]LogConfig: Setting CVar [[s.LevelStreamingComponentsUnregistrationGranularity:5]]
[2023.06.13-06.13.35:262][  0]LogConfig: Setting CVar [[s.FlushStreamingOnExit:1]]
[2023.06.13-06.13.35:262][  0]LogConfig: Applying CVar settings from Section [/Script/Engine.GarbageCollectionSettings] File [C:/Users/solan/OneDrive/Documents/Unreal Projects/Town-Level/TownLevel/Saved/Config/Windows/Engine.ini]
[2023.06.13-06.13.35:262][  0]LogConfig: Setting CVar [[gc.MaxObjectsNotConsideredByGC:1]]
[2023.06.13-06.13.35:262][  0]LogConfig: Setting CVar [[gc.SizeOfPermanentObjectPool:0]]
[2023.06.13-06.13.35:262][  0]LogConfig: Setting CVar [[gc.FlushStreamingOnGC:0]]
[2023.06.13-06.13.35:262][  0]LogConfig: Setting CVar [[gc.NumRetriesBeforeForcingGC:10]]
[2023.06.13-06.13.35:262][  0]LogConfig: Setting CVar [[gc.AllowParallelGC:1]]
[2023.06.13-06.13.35:262][  0]LogConfig: Setting CVar [[gc.TimeBetweenPurgingPendingKillObjects:61.1]]
[2023.06.13-06.13.35:262][  0]LogConfig: Setting CVar [[gc.MaxObjectsInEditor:25165824]]
[2023.06.13-06.13.35:262][  0]LogConfig: Setting CVar [[gc.IncrementalBeginDestroyEnabled:1]]
[2023.06.13-06.13.35:263][  0]LogConfig: Setting CVar [[gc.CreateGCClusters:1]]
[2023.06.13-06.13.35:263][  0]LogConfig: Setting CVar [[gc.MinGCClusterSize:5]]
[2023.06.13-06.13.35:263][  0]LogConfig: Setting CVar [[gc.ActorClusteringEnabled:0]]
[2023.06.13-06.13.35:263][  0]LogConfig: Setting CVar [[gc.BlueprintClusteringEnabled:0]]
[2023.06.13-06.13.35:263][  0]LogConfig: Setting CVar [[gc.UseDisregardForGCOnDedicatedServers:0]]
[2023.06.13-06.13.35:263][  0]LogConfig: Setting CVar [[gc.MultithreadedDestructionEnabled:1]]
[2023.06.13-06.13.35:263][  0]LogConfig: Applying CVar settings from Section [/Script/Engine.NetworkSettings] File [C:/Users/solan/OneDrive/Documents/Unreal Projects/Town-Level/TownLevel/Saved/Config/Windows/Engine.ini]
[2023.06.13-06.13.35:263][  0]LogConfig: Applying CVar settings from Section [/Script/UnrealEd.CookerSettings] File [C:/Users/solan/OneDrive/Documents/Unreal Projects/Town-Level/TownLevel/Saved/Config/Windows/Engine.ini]
[2023.06.13-06.13.35:308][  0]LogConfig: Applying CVar settings from Section [ViewDistanceQuality@3] File [C:/Users/solan/OneDrive/Documents/Unreal Projects/Town-Level/TownLevel/Saved/Config/Windows/Scalability.ini]
[2023.06.13-06.13.35:308][  0]LogConfig: Setting CVar [[r.SkeletalMeshLODBias:0]]
[2023.06.13-06.13.35:308][  0]LogConfig: Setting CVar [[r.ViewDistanceScale:1.0]]
[2023.06.13-06.13.35:308][  0]LogConfig: Applying CVar settings from Section [AntiAliasingQuality@3] File [C:/Users/solan/OneDrive/Documents/Unreal Projects/Town-Level/TownLevel/Saved/Config/Windows/Scalability.ini]
[2023.06.13-06.13.35:308][  0]LogConfig: Setting CVar [[r.PostProcessAAQuality:4]]
[2023.06.13-06.13.35:308][  0]LogConfig: Applying CVar settings from Section [ShadowQuality@3] File [C:/Users/solan/OneDrive/Documents/Unreal Projects/Town-Level/TownLevel/Saved/Config/Windows/Scalability.ini]
[2023.06.13-06.13.35:308][  0]LogConfig: Setting CVar [[r.LightFunctionQuality:1]]
[2023.06.13-06.13.35:308][  0]LogConfig: Setting CVar [[r.ShadowQuality:5]]
[2023.06.13-06.13.35:308][  0]LogConfig: Setting CVar [[r.Shadow.CSM.MaxCascades:10]]
[2023.06.13-06.13.35:308][  0]LogConfig: Setting CVar [[r.Shadow.MaxResolution:2048]]
[2023.06.13-06.13.35:308][  0]LogConfig: Setting CVar [[r.Shadow.MaxCSMResolution:2048]]
[2023.06.13-06.13.35:309][  0]LogConfig: Setting CVar [[r.Shadow.RadiusThreshold:0.01]]
[2023.06.13-06.13.35:309][  0]LogConfig: Setting CVar [[r.Shadow.DistanceScale:1.0]]
[2023.06.13-06.13.35:309][  0]LogConfig: Setting CVar [[r.Shadow.CSM.TransitionScale:1.0]]
[2023.06.13-06.13.35:309][  0]LogConfig: Setting CVar [[r.Shadow.PreShadowResolutionFactor:1.0]]
[2023.06.13-06.13.35:309][  0]LogConfig: Setting CVar [[r.DistanceFieldShadowing:1]]
[2023.06.13-06.13.35:309][  0]LogConfig: Setting CVar [[r.DistanceFieldAO:1]]
[2023.06.13-06.13.35:309][  0]LogConfig: Setting CVar [[r.AOQuality:2]]
[2023.06.13-06.13.35:309][  0]LogConfig: Setting CVar [[r.VolumetricFog:1]]
[2023.06.13-06.13.35:309][  0]LogConfig: Setting CVar [[r.VolumetricFog.GridPixelSize:8]]
[2023.06.13-06.13.35:309][  0]LogConfig: Setting CVar [[r.VolumetricFog.GridSizeZ:128]]
[2023.06.13-06.13.35:309][  0]LogConfig: Setting CVar [[r.VolumetricFog.HistoryMissSupersampleCount:4]]
[2023.06.13-06.13.35:309][  0]LogConfig: Setting CVar [[r.LightMaxDrawDistanceScale:1]]
[2023.06.13-06.13.35:309][  0]LogConfig: Setting CVar [[r.CapsuleShadows:1]]
[2023.06.13-06.13.35:309][  0]LogConfig: Applying CVar settings from Section [PostProcessQuality@3] File [C:/Users/solan/OneDrive/Documents/Unreal Projects/Town-Level/TownLevel/Saved/Config/Windows/Scalability.ini]
[2023.06.13-06.13.35:310][  0]LogConfig: Setting CVar [[r.MotionBlurQuality:4]]
[2023.06.13-06.13.35:310][  0]LogConfig: Setting CVar [[r.AmbientOcclusionMipLevelFactor:0.4]]
[2023.06.13-06.13.35:310][  0]LogConfig: Setting CVar [[r.AmbientOcclusionMaxQuality:100]]
[2023.06.13-06.13.35:310][  0]LogConfig: Setting CVar [[r.AmbientOcclusionLevels:-1]]
[2023.06.13-06.13.35:310][  0]LogConfig: Setting CVar [[r.AmbientOcclusionRadiusScale:1.0]]
[2023.06.13-06.13.35:310][  0]LogConfig: Setting CVar [[r.DepthOfFieldQuality:2]]
[2023.06.13-06.13.35:310][  0]LogConfig: Setting CVar [[r.RenderTargetPoolMin:400]]
[2023.06.13-06.13.35:310][  0]LogConfig: Setting CVar [[r.LensFlareQuality:2]]
[2023.06.13-06.13.35:310][  0]LogConfig: Setting CVar [[r.SceneColorFringeQuality:1]]
[2023.06.13-06.13.35:310][  0]LogConfig: Setting CVar [[r.EyeAdaptationQuality:2]]
[2023.06.13-06.13.35:310][  0]LogConfig: Setting CVar [[r.BloomQuality:5]]
[2023.06.13-06.13.35:310][  0]LogConfig: Setting CVar [[r.FastBlurThreshold:100]]
[2023.06.13-06.13.35:311][  0]LogConfig: Setting CVar [[r.Upscale.Quality:3]]
[2023.06.13-06.13.35:311][  0]LogConfig: Setting CVar [[r.Tonemapper.GrainQuantization:1]]
[2023.06.13-06.13.35:311][  0]LogConfig: Setting CVar [[r.LightShaftQuality:1]]
[2023.06.13-06.13.35:311][  0]LogConfig: Setting CVar [[r.Filter.SizeScale:1]]
[2023.06.13-06.13.35:311][  0]LogConfig: Setting CVar [[r.Tonemapper.Quality:5]]
[2023.06.13-06.13.35:311][  0]LogConfig: Setting CVar [[r.DOF.Gather.AccumulatorQuality:1        ; higher gathering accumulator quality]]
[2023.06.13-06.13.35:311][  0]LogConfig: Setting CVar [[r.DOF.Gather.PostfilterMethod:1          ; Median3x3 postfilering method]]
[2023.06.13-06.13.35:311][  0]LogConfig: Setting CVar [[r.DOF.Gather.EnableBokehSettings:0       ; no bokeh simulation when gathering]]
[2023.06.13-06.13.35:311][  0]LogConfig: Setting CVar [[r.DOF.Gather.RingCount:4                 ; medium number of samples when gathering]]
[2023.06.13-06.13.35:311][  0]LogConfig: Setting CVar [[r.DOF.Scatter.ForegroundCompositing:1    ; additive foreground scattering]]
[2023.06.13-06.13.35:311][  0]LogConfig: Setting CVar [[r.DOF.Scatter.BackgroundCompositing:2    ; additive background scattering]]
[2023.06.13-06.13.35:311][  0]LogConfig: Setting CVar [[r.DOF.Scatter.EnableBokehSettings:1      ; bokeh simulation when scattering]]
[2023.06.13-06.13.35:311][  0]LogConfig: Setting CVar [[r.DOF.Scatter.MaxSpriteRatio:0.1         ; only a maximum of 10% of scattered bokeh]]
[2023.06.13-06.13.35:311][  0]LogConfig: Setting CVar [[r.DOF.Recombine.Quality:1                ; cheap slight out of focus]]
[2023.06.13-06.13.35:312][  0]LogConfig: Setting CVar [[r.DOF.Recombine.EnableBokehSettings:0    ; no bokeh simulation on slight out of focus]]
[2023.06.13-06.13.35:312][  0]LogConfig: Setting CVar [[r.DOF.TemporalAAQuality:1                ; more stable temporal accumulation]]
[2023.06.13-06.13.35:312][  0]LogConfig: Setting CVar [[r.DOF.Kernel.MaxForegroundRadius:0.025]]
[2023.06.13-06.13.35:312][  0]LogConfig: Setting CVar [[r.DOF.Kernel.MaxBackgroundRadius:0.025]]
[2023.06.13-06.13.35:312][  0]LogConfig: Applying CVar settings from Section [TextureQuality@3] File [C:/Users/solan/OneDrive/Documents/Unreal Projects/Town-Level/TownLevel/Saved/Config/Windows/Scalability.ini]
[2023.06.13-06.13.35:312][  0]LogConfig: Setting CVar [[r.Streaming.MipBias:0]]
[2023.06.13-06.13.35:312][  0]LogConfig: Setting CVar [[r.Streaming.AmortizeCPUToGPUCopy:0]]
[2023.06.13-06.13.35:312][  0]LogConfig: Setting CVar [[r.Streaming.MaxNumTexturesToStreamPerFrame:0]]
[2023.06.13-06.13.35:312][  0]LogConfig: Setting CVar [[r.Streaming.Boost:1]]
[2023.06.13-06.13.35:312][  0]LogConfig: Setting CVar [[r.MaxAnisotropy:8]]
[2023.06.13-06.13.35:312][  0]LogConfig: Setting CVar [[r.VT.MaxAnisotropy:8]]
[2023.06.13-06.13.35:312][  0]LogConfig: Setting CVar [[r.Streaming.LimitPoolSizeToVRAM:0]]
[2023.06.13-06.13.35:312][  0]LogConfig: Setting CVar [[r.Streaming.PoolSize:1000]]
[2023.06.13-06.13.35:312][  0]LogConfig: Setting CVar [[r.Streaming.MaxEffectiveScreenSize:0]]
[2023.06.13-06.13.35:312][  0]LogConfig: Applying CVar settings from Section [EffectsQuality@3] File [C:/Users/solan/OneDrive/Documents/Unreal Projects/Town-Level/TownLevel/Saved/Config/Windows/Scalability.ini]
[2023.06.13-06.13.35:313][  0]LogConfig: Setting CVar [[r.TranslucencyLightingVolumeDim:64]]
[2023.06.13-06.13.35:313][  0]LogConfig: Setting CVar [[r.RefractionQuality:2]]
[2023.06.13-06.13.35:313][  0]LogConfig: Setting CVar [[r.SSR.Quality:3]]
[2023.06.13-06.13.35:313][  0]LogConfig: Setting CVar [[r.SSR.HalfResSceneColor:0]]
[2023.06.13-06.13.35:313][  0]LogConfig: Setting CVar [[r.SceneColorFormat:4]]
[2023.06.13-06.13.35:313][  0]LogConfig: Setting CVar [[r.DetailMode:2]]
[2023.06.13-06.13.35:313][  0]LogConfig: Setting CVar [[r.TranslucencyVolumeBlur:1]]
[2023.06.13-06.13.35:313][  0]LogConfig: Setting CVar [[r.MaterialQualityLevel:1 ; High quality]]
[2023.06.13-06.13.35:313][  0]LogConfig: Setting CVar [[r.AnisotropicMaterials:1]]
[2023.06.13-06.13.35:313][  0]LogConfig: Setting CVar [[r.SSS.Scale:1]]
[2023.06.13-06.13.35:313][  0]LogConfig: Setting CVar [[r.SSS.SampleSet:2]]
[2023.06.13-06.13.35:313][  0]LogConfig: Setting CVar [[r.SSS.Quality:1]]
[2023.06.13-06.13.35:313][  0]LogConfig: Setting CVar [[r.SSS.HalfRes:0]]
[2023.06.13-06.13.35:314][  0]LogConfig: Setting CVar [[r.SSGI.Quality:3]]
[2023.06.13-06.13.35:314][  0]LogConfig: Setting CVar [[r.EmitterSpawnRateScale:1.0]]
[2023.06.13-06.13.35:314][  0]LogConfig: Setting CVar [[r.ParticleLightQuality:2]]
[2023.06.13-06.13.35:314][  0]LogConfig: Setting CVar [[r.SkyAtmosphere.AerialPerspectiveLUT.FastApplyOnOpaque:1 ; Always have FastSkyLUT 1 in this case to avoid wrong sky]]
[2023.06.13-06.13.35:314][  0]LogConfig: Setting CVar [[r.SkyAtmosphere.AerialPerspectiveLUT.SampleCountMaxPerSlice:4]]
[2023.06.13-06.13.35:314][  0]LogConfig: Setting CVar [[r.SkyAtmosphere.AerialPerspectiveLUT.DepthResolution:16.0]]
[2023.06.13-06.13.35:314][  0]LogConfig: Setting CVar [[r.SkyAtmosphere.FastSkyLUT:1]]
[2023.06.13-06.13.35:314][  0]LogConfig: Setting CVar [[r.SkyAtmosphere.FastSkyLUT.SampleCountMin:4.0]]
[2023.06.13-06.13.35:314][  0]LogConfig: Setting CVar [[r.SkyAtmosphere.FastSkyLUT.SampleCountMax:128.0]]
[2023.06.13-06.13.35:314][  0]LogConfig: Setting CVar [[r.SkyAtmosphere.SampleCountMin:4.0]]
[2023.06.13-06.13.35:314][  0]LogConfig: Setting CVar [[r.SkyAtmosphere.SampleCountMax:128.0]]
[2023.06.13-06.13.35:314][  0]LogConfig: Setting CVar [[r.SkyAtmosphere.TransmittanceLUT.UseSmallFormat:0]]
[2023.06.13-06.13.35:314][  0]LogConfig: Setting CVar [[r.SkyAtmosphere.TransmittanceLUT.SampleCount:10.0]]
[2023.06.13-06.13.35:314][  0]LogConfig: Setting CVar [[r.SkyAtmosphere.MultiScatteringLUT.SampleCount:15.0]]
[2023.06.13-06.13.35:314][  0]LogConfig: Setting CVar [[r.SkyLight.RealTimeReflectionCapture:1]]
[2023.06.13-06.13.35:315][  0]LogConfig: Applying CVar settings from Section [FoliageQuality@3] File [C:/Users/solan/OneDrive/Documents/Unreal Projects/Town-Level/TownLevel/Saved/Config/Windows/Scalability.ini]
[2023.06.13-06.13.35:315][  0]LogConfig: Setting CVar [[foliage.DensityScale:1.0]]
[2023.06.13-06.13.35:315][  0]LogConfig: Setting CVar [[grass.DensityScale:1.0]]
[2023.06.13-06.13.35:315][  0]LogConfig: Applying CVar settings from Section [ShadingQuality@3] File [C:/Users/solan/OneDrive/Documents/Unreal Projects/Town-Level/TownLevel/Saved/Config/Windows/Scalability.ini]
[2023.06.13-06.13.35:315][  0]LogConfig: Setting CVar [[r.HairStrands.SkyLighting.IntegrationType:2]]
[2023.06.13-06.13.35:315][  0]LogConfig: Setting CVar [[r.HairStrands.SkyAO.SampleCount:4]]
[2023.06.13-06.13.35:315][  0]LogConfig: Setting CVar [[r.HairStrands.Visibility.MSAA.SamplePerPixel:4]]
[2023.06.13-06.13.35:315][  0]LogInit: Selected Device Profile: [Windows]
[2023.06.13-06.13.35:315][  0]LogInit: Applying CVar settings loaded from the selected device profile: [Windows]
[2023.06.13-06.13.35:315][  0]LogHAL: Display: Platform has ~ 24 GB [25690214400 / 34359738368 / 24], which maps to Larger [LargestMinGB=32, LargerMinGB=12, DefaultMinGB=8, SmallerMinGB=6, SmallestMinGB=0)
[2023.06.13-06.13.35:315][  0]LogInit: Going up to parent DeviceProfile []
[2023.06.13-06.13.35:316][  0]LogConfig: Applying CVar settings from Section [ViewDistanceQuality@3] File [C:/Users/solan/OneDrive/Documents/Unreal Projects/Town-Level/TownLevel/Saved/Config/Windows/Scalability.ini]
[2023.06.13-06.13.35:316][  0]LogConfig: Setting CVar [[r.SkeletalMeshLODBias:0]]
[2023.06.13-06.13.35:316][  0]LogConfig: Setting CVar [[r.ViewDistanceScale:1.0]]
[2023.06.13-06.13.35:316][  0]LogConfig: Applying CVar settings from Section [AntiAliasingQuality@3] File [C:/Users/solan/OneDrive/Documents/Unreal Projects/Town-Level/TownLevel/Saved/Config/Windows/Scalability.ini]
[2023.06.13-06.13.35:316][  0]LogConfig: Setting CVar [[r.PostProcessAAQuality:4]]
[2023.06.13-06.13.35:316][  0]LogConfig: Applying CVar settings from Section [ShadowQuality@3] File [C:/Users/solan/OneDrive/Documents/Unreal Projects/Town-Level/TownLevel/Saved/Config/Windows/Scalability.ini]
[2023.06.13-06.13.35:316][  0]LogConfig: Setting CVar [[r.LightFunctionQuality:1]]
[2023.06.13-06.13.35:316][  0]LogConfig: Setting CVar [[r.ShadowQuality:5]]
[2023.06.13-06.13.35:316][  0]LogConfig: Setting CVar [[r.Shadow.CSM.MaxCascades:10]]
[2023.06.13-06.13.35:316][  0]LogConfig: Setting CVar [[r.Shadow.MaxResolution:2048]]
[2023.06.13-06.13.35:316][  0]LogConfig: Setting CVar [[r.Shadow.MaxCSMResolution:2048]]
[2023.06.13-06.13.35:316][  0]LogConfig: Setting CVar [[r.Shadow.RadiusThreshold:0.01]]
[2023.06.13-06.13.35:316][  0]LogConfig: Setting CVar [[r.Shadow.DistanceScale:1.0]]
[2023.06.13-06.13.35:316][  0]LogConfig: Setting CVar [[r.Shadow.CSM.TransitionScale:1.0]]
[2023.06.13-06.13.35:317][  0]LogConfig: Setting CVar [[r.Shadow.PreShadowResolutionFactor:1.0]]
[2023.06.13-06.13.35:317][  0]LogConfig: Setting CVar [[r.DistanceFieldShadowing:1]]
[2023.06.13-06.13.35:317][  0]LogConfig: Setting CVar [[r.DistanceFieldAO:1]]
[2023.06.13-06.13.35:317][  0]LogConfig: Setting CVar [[r.AOQuality:2]]
[2023.06.13-06.13.35:317][  0]LogConfig: Setting CVar [[r.VolumetricFog:1]]
[2023.06.13-06.13.35:317][  0]LogConfig: Setting CVar [[r.VolumetricFog.GridPixelSize:8]]
[2023.06.13-06.13.35:317][  0]LogConfig: Setting CVar [[r.VolumetricFog.GridSizeZ:128]]
[2023.06.13-06.13.35:317][  0]LogConfig: Setting CVar [[r.VolumetricFog.HistoryMissSupersampleCount:4]]
[2023.06.13-06.13.35:317][  0]LogConfig: Setting CVar [[r.LightMaxDrawDistanceScale:1]]
[2023.06.13-06.13.35:317][  0]LogConfig: Setting CVar [[r.CapsuleShadows:1]]
[2023.06.13-06.13.35:317][  0]LogConfig: Applying CVar settings from Section [PostProcessQuality@3] File [C:/Users/solan/OneDrive/Documents/Unreal Projects/Town-Level/TownLevel/Saved/Config/Windows/Scalability.ini]
[2023.06.13-06.13.35:317][  0]LogConfig: Setting CVar [[r.MotionBlurQuality:4]]
[2023.06.13-06.13.35:317][  0]LogConfig: Setting CVar [[r.AmbientOcclusionMipLevelFactor:0.4]]
[2023.06.13-06.13.35:318][  0]LogConfig: Setting CVar [[r.AmbientOcclusionMaxQuality:100]]
[2023.06.13-06.13.35:318][  0]LogConfig: Setting CVar [[r.AmbientOcclusionLevels:-1]]
[2023.06.13-06.13.35:318][  0]LogConfig: Setting CVar [[r.AmbientOcclusionRadiusScale:1.0]]
[2023.06.13-06.13.35:318][  0]LogConfig: Setting CVar [[r.DepthOfFieldQuality:2]]
[2023.06.13-06.13.35:318][  0]LogConfig: Setting CVar [[r.RenderTargetPoolMin:400]]
[2023.06.13-06.13.35:318][  0]LogConfig: Setting CVar [[r.LensFlareQuality:2]]
[2023.06.13-06.13.35:318][  0]LogConfig: Setting CVar [[r.SceneColorFringeQuality:1]]
[2023.06.13-06.13.35:318][  0]LogConfig: Setting CVar [[r.EyeAdaptationQuality:2]]
[2023.06.13-06.13.35:318][  0]LogConfig: Setting CVar [[r.BloomQuality:5]]
[2023.06.13-06.13.35:318][  0]LogConfig: Setting CVar [[r.FastBlurThreshold:100]]
[2023.06.13-06.13.35:318][  0]LogConfig: Setting CVar [[r.Upscale.Quality:3]]
[2023.06.13-06.13.35:318][  0]LogConfig: Setting CVar [[r.Tonemapper.GrainQuantization:1]]
[2023.06.13-06.13.35:318][  0]LogConfig: Setting CVar [[r.LightShaftQuality:1]]
[2023.06.13-06.13.35:318][  0]LogConfig: Setting CVar [[r.Filter.SizeScale:1]]
[2023.06.13-06.13.35:318][  0]LogConfig: Setting CVar [[r.Tonemapper.Quality:5]]
[2023.06.13-06.13.35:319][  0]LogConfig: Setting CVar [[r.DOF.Gather.AccumulatorQuality:1        ; higher gathering accumulator quality]]
[2023.06.13-06.13.35:319][  0]LogConfig: Setting CVar [[r.DOF.Gather.PostfilterMethod:1          ; Median3x3 postfilering method]]
[2023.06.13-06.13.35:319][  0]LogConfig: Setting CVar [[r.DOF.Gather.EnableBokehSettings:0       ; no bokeh simulation when gathering]]
[2023.06.13-06.13.35:319][  0]LogConfig: Setting CVar [[r.DOF.Gather.RingCount:4                 ; medium number of samples when gathering]]
[2023.06.13-06.13.35:319][  0]LogConfig: Setting CVar [[r.DOF.Scatter.ForegroundCompositing:1    ; additive foreground scattering]]
[2023.06.13-06.13.35:319][  0]LogConfig: Setting CVar [[r.DOF.Scatter.BackgroundCompositing:2    ; additive background scattering]]
[2023.06.13-06.13.35:319][  0]LogConfig: Setting CVar [[r.DOF.Scatter.EnableBokehSettings:1      ; bokeh simulation when scattering]]
[2023.06.13-06.13.35:319][  0]LogConfig: Setting CVar [[r.DOF.Scatter.MaxSpriteRatio:0.1         ; only a maximum of 10% of scattered bokeh]]
[2023.06.13-06.13.35:319][  0]LogConfig: Setting CVar [[r.DOF.Recombine.Quality:1                ; cheap slight out of focus]]
[2023.06.13-06.13.35:319][  0]LogConfig: Setting CVar [[r.DOF.Recombine.EnableBokehSettings:0    ; no bokeh simulation on slight out of focus]]
[2023.06.13-06.13.35:319][  0]LogConfig: Setting CVar [[r.DOF.TemporalAAQuality:1                ; more stable temporal accumulation]]
[2023.06.13-06.13.35:319][  0]LogConfig: Setting CVar [[r.DOF.Kernel.MaxForegroundRadius:0.025]]
[2023.06.13-06.13.35:319][  0]LogConfig: Setting CVar [[r.DOF.Kernel.MaxBackgroundRadius:0.025]]
[2023.06.13-06.13.35:319][  0]LogConfig: Applying CVar settings from Section [TextureQuality@3] File [C:/Users/solan/OneDrive/Documents/Unreal Projects/Town-Level/TownLevel/Saved/Config/Windows/Scalability.ini]
[2023.06.13-06.13.35:320][  0]LogConfig: Setting CVar [[r.Streaming.MipBias:0]]
[2023.06.13-06.13.35:320][  0]LogConfig: Setting CVar [[r.Streaming.AmortizeCPUToGPUCopy:0]]
[2023.06.13-06.13.35:320][  0]LogConfig: Setting CVar [[r.Streaming.MaxNumTexturesToStreamPerFrame:0]]
[2023.06.13-06.13.35:320][  0]LogConfig: Setting CVar [[r.Streaming.Boost:1]]
[2023.06.13-06.13.35:320][  0]LogConfig: Setting CVar [[r.MaxAnisotropy:8]]
[2023.06.13-06.13.35:320][  0]LogConfig: Setting CVar [[r.VT.MaxAnisotropy:8]]
[2023.06.13-06.13.35:320][  0]LogConfig: Setting CVar [[r.Streaming.LimitPoolSizeToVRAM:0]]
[2023.06.13-06.13.35:320][  0]LogConfig: Setting CVar [[r.Streaming.PoolSize:1000]]
[2023.06.13-06.13.35:320][  0]LogConfig: Setting CVar [[r.Streaming.MaxEffectiveScreenSize:0]]
[2023.06.13-06.13.35:320][  0]LogConfig: Applying CVar settings from Section [EffectsQuality@3] File [C:/Users/solan/OneDrive/Documents/Unreal Projects/Town-Level/TownLevel/Saved/Config/Windows/Scalability.ini]
[2023.06.13-06.13.35:320][  0]LogConfig: Setting CVar [[r.TranslucencyLightingVolumeDim:64]]
[2023.06.13-06.13.35:320][  0]LogConfig: Setting CVar [[r.RefractionQuality:2]]
[2023.06.13-06.13.35:320][  0]LogConfig: Setting CVar [[r.SSR.Quality:3]]
[2023.06.13-06.13.35:321][  0]LogConfig: Setting CVar [[r.SSR.HalfResSceneColor:0]]
[2023.06.13-06.13.35:321][  0]LogConfig: Setting CVar [[r.SceneColorFormat:4]]
[2023.06.13-06.13.35:321][  0]LogConfig: Setting CVar [[r.DetailMode:2]]
[2023.06.13-06.13.35:321][  0]LogConfig: Setting CVar [[r.TranslucencyVolumeBlur:1]]
[2023.06.13-06.13.35:321][  0]LogConfig: Setting CVar [[r.MaterialQualityLevel:1 ; High quality]]
[2023.06.13-06.13.35:321][  0]LogConfig: Setting CVar [[r.AnisotropicMaterials:1]]
[2023.06.13-06.13.35:321][  0]LogConfig: Setting CVar [[r.SSS.Scale:1]]
[2023.06.13-06.13.35:321][  0]LogConfig: Setting CVar [[r.SSS.SampleSet:2]]
[2023.06.13-06.13.35:321][  0]LogConfig: Setting CVar [[r.SSS.Quality:1]]
[2023.06.13-06.13.35:321][  0]LogConfig: Setting CVar [[r.SSS.HalfRes:0]]
[2023.06.13-06.13.35:321][  0]LogConfig: Setting CVar [[r.SSGI.Quality:3]]
[2023.06.13-06.13.35:321][  0]LogConfig: Setting CVar [[r.EmitterSpawnRateScale:1.0]]
[2023.06.13-06.13.35:321][  0]LogConfig: Setting CVar [[r.ParticleLightQuality:2]]
[2023.06.13-06.13.35:321][  0]LogConfig: Setting CVar [[r.SkyAtmosphere.AerialPerspectiveLUT.FastApplyOnOpaque:1 ; Always have FastSkyLUT 1 in this case to avoid wrong sky]]
[2023.06.13-06.13.35:321][  0]LogConfig: Setting CVar [[r.SkyAtmosphere.AerialPerspectiveLUT.SampleCountMaxPerSlice:4]]
[2023.06.13-06.13.35:322][  0]LogConfig: Setting CVar [[r.SkyAtmosphere.AerialPerspectiveLUT.DepthResolution:16.0]]
[2023.06.13-06.13.35:322][  0]LogConfig: Setting CVar [[r.SkyAtmosphere.FastSkyLUT:1]]
[2023.06.13-06.13.35:322][  0]LogConfig: Setting CVar [[r.SkyAtmosphere.FastSkyLUT.SampleCountMin:4.0]]
[2023.06.13-06.13.35:322][  0]LogConfig: Setting CVar [[r.SkyAtmosphere.FastSkyLUT.SampleCountMax:128.0]]
[2023.06.13-06.13.35:322][  0]LogConfig: Setting CVar [[r.SkyAtmosphere.SampleCountMin:4.0]]
[2023.06.13-06.13.35:322][  0]LogConfig: Setting CVar [[r.SkyAtmosphere.SampleCountMax:128.0]]
[2023.06.13-06.13.35:322][  0]LogConfig: Setting CVar [[r.SkyAtmosphere.TransmittanceLUT.UseSmallFormat:0]]
[2023.06.13-06.13.35:322][  0]LogConfig: Setting CVar [[r.SkyAtmosphere.TransmittanceLUT.SampleCount:10.0]]
[2023.06.13-06.13.35:322][  0]LogConfig: Setting CVar [[r.SkyAtmosphere.MultiScatteringLUT.SampleCount:15.0]]
[2023.06.13-06.13.35:322][  0]LogConfig: Setting CVar [[r.SkyLight.RealTimeReflectionCapture:1]]
[2023.06.13-06.13.35:322][  0]LogConfig: Applying CVar settings from Section [FoliageQuality@3] File [C:/Users/solan/OneDrive/Documents/Unreal Projects/Town-Level/TownLevel/Saved/Config/Windows/Scalability.ini]
[2023.06.13-06.13.35:322][  0]LogConfig: Setting CVar [[foliage.DensityScale:1.0]]
[2023.06.13-06.13.35:323][  0]LogConfig: Setting CVar [[grass.DensityScale:1.0]]
[2023.06.13-06.13.35:323][  0]LogConfig: Applying CVar settings from Section [ShadingQuality@3] File [C:/Users/solan/OneDrive/Documents/Unreal Projects/Town-Level/TownLevel/Saved/Config/Windows/Scalability.ini]
[2023.06.13-06.13.35:323][  0]LogConfig: Setting CVar [[r.HairStrands.SkyLighting.IntegrationType:2]]
[2023.06.13-06.13.35:323][  0]LogConfig: Setting CVar [[r.HairStrands.SkyAO.SampleCount:4]]
[2023.06.13-06.13.35:323][  0]LogConfig: Setting CVar [[r.HairStrands.Visibility.MSAA.SamplePerPixel:4]]
[2023.06.13-06.13.35:323][  0]LogConfig: Applying CVar settings from Section [Startup] File [../../../Engine/Config/ConsoleVariables.ini]
[2023.06.13-06.13.35:323][  0]LogConfig: Setting CVar [[net.UseAdaptiveNetUpdateFrequency:0]]
[2023.06.13-06.13.35:323][  0]LogConfig: Setting CVar [[p.chaos.AllowCreatePhysxBodies:1]]
[2023.06.13-06.13.35:323][  0]LogConfig: Setting CVar [[fx.SkipVectorVMBackendOptimizations:1]]
[2023.06.13-06.13.35:324][  0]LogConfig: Applying CVar settings from Section [ConsoleVariables] File [C:/Users/solan/OneDrive/Documents/Unreal Projects/Town-Level/TownLevel/Saved/Config/Windows/Engine.ini]
[2023.06.13-06.13.35:324][  0]LogConfig: Applying CVar settings from Section [ConsoleVariables] File [C:/Users/solan/OneDrive/Documents/Unreal Projects/Town-Level/TownLevel/Saved/Config/Windows/Editor.ini]
[2023.06.13-06.13.35:324][  0]LogInit: Computer: DESKTOP-QNMLLBG
[2023.06.13-06.13.35:324][  0]LogInit: User: solan
[2023.06.13-06.13.35:324][  0]LogInit: CPU Page size=4096, Cores=8
[2023.06.13-06.13.35:324][  0]LogInit: High frequency timer resolution =10.000000 MHz
[2023.06.13-06.13.35:324][  0]LogMemory: Memory total: Physical=23.9GB (24GB approx)
[2023.06.13-06.13.35:324][  0]LogMemory: Platform Memory Stats for Windows
[2023.06.13-06.13.35:324][  0]LogMemory: Process Physical Memory: 146.66 MB used, 146.67 MB peak
[2023.06.13-06.13.35:324][  0]LogMemory: Process Virtual Memory: 131.02 MB used, 131.02 MB peak
[2023.06.13-06.13.35:325][  0]LogMemory: Physical Memory: 7409.26 MB used,  17090.84 MB free, 24500.10 MB total
[2023.06.13-06.13.35:325][  0]LogMemory: Virtual Memory: 134200024.00 MB used,  17707.58 MB free, 134217728.00 MB total
[2023.06.13-06.13.35:344][  0]LogWindows: WindowsPlatformFeatures enabled
[2023.06.13-06.13.35:870][  0]LogInit: Physics initialised using underlying interface: PhysX
[2023.06.13-06.13.35:872][  0]LogInit: Using OS detected language (en-US).
[2023.06.13-06.13.35:872][  0]LogInit: Using OS detected locale (en-US).
[2023.06.13-06.13.35:888][  0]LogTextLocalizationManager: No specific localization for 'en-US' exists, so the 'en' localization will be used.
[2023.06.13-06.13.36:258][  0]LogInit: Setting process to per monitor DPI aware
[2023.06.13-06.13.36:302][  0]LogWindowsTextInputMethodSystem: Display: IME system deactivated.
[2023.06.13-06.13.36:341][  0]LogSlate: New Slate User Created.  User Index 0, Is Virtual User: 0
[2023.06.13-06.13.36:342][  0]LogSlate: Slate User Registered.  User Index 0, Is Virtual User: 0
[2023.06.13-06.13.36:644][  0]LogD3D11RHI: Loaded GFSDK_Aftermath_Lib.x64.dll
[2023.06.13-06.13.36:654][  0]LogHMD: Failed to initialize OpenVR with code 110
[2023.06.13-06.13.36:655][  0]LogD3D11RHI: D3D11 min allowed feature level: 11_0
[2023.06.13-06.13.36:655][  0]LogD3D11RHI: D3D11 max allowed feature level: 11_0
[2023.06.13-06.13.36:655][  0]LogD3D11RHI: D3D11 adapters:
[2023.06.13-06.13.36:838][  0]LogD3D11RHI:    0. 'AMD Radeon RX 6700 XT' (Feature Level 11_0)
[2023.06.13-06.13.36:838][  0]LogD3D11RHI:       12243/0/12250 MB DedicatedVideo/DedicatedSystem/SharedSystem, Outputs:2, VendorId:0x1002
[2023.06.13-06.13.36:854][  0]LogD3D11RHI:    1. 'Microsoft Basic Render Driver' (Feature Level 11_0)
[2023.06.13-06.13.36:854][  0]LogD3D11RHI:       0/0/12250 MB DedicatedVideo/DedicatedSystem/SharedSystem, Outputs:0, VendorId:0x1414
[2023.06.13-06.13.36:854][  0]LogD3D11RHI: Chosen D3D11 Adapter:
[2023.06.13-06.13.36:854][  0]LogD3D11RHI:     Description : AMD Radeon RX 6700 XT
[2023.06.13-06.13.36:854][  0]LogD3D11RHI:     VendorId    : 1002
[2023.06.13-06.13.36:854][  0]LogD3D11RHI:     DeviceId    : 73df
[2023.06.13-06.13.36:854][  0]LogD3D11RHI:     SubSysId    : 66061eae
[2023.06.13-06.13.36:854][  0]LogD3D11RHI:     Revision    : 00c5
[2023.06.13-06.13.36:854][  0]LogD3D11RHI:     DedicatedVideoMemory : 12837941248 bytes
[2023.06.13-06.13.36:854][  0]LogD3D11RHI:     DedicatedSystemMemory : 0 bytes
[2023.06.13-06.13.36:854][  0]LogD3D11RHI:     SharedSystemMemory : 12845107200 bytes
[2023.06.13-06.13.36:855][  0]LogD3D11RHI:     AdapterLuid : 0 50771
[2023.06.13-06.13.36:869][  0]LogD3D11RHI: Creating new Direct3DDevice
[2023.06.13-06.13.36:870][  0]LogD3D11RHI:     GPU DeviceId: 0x73df (for the marketing name, search the web for "GPU Device Id")
[2023.06.13-06.13.36:870][  0]LogWindows: EnumDisplayDevices:
[2023.06.13-06.13.36:870][  0]LogWindows:    0. 'AMD Radeon RX 6700 XT' (P:1 D:1)
[2023.06.13-06.13.36:871][  0]LogWindows:    1. 'AMD Radeon RX 6700 XT' (P:0 D:1)
[2023.06.13-06.13.36:872][  0]LogWindows:    2. 'AMD Radeon RX 6700 XT' (P:0 D:0)
[2023.06.13-06.13.36:873][  0]LogWindows:    3. 'AMD Radeon RX 6700 XT' (P:0 D:0)
[2023.06.13-06.13.36:874][  0]LogWindows:    4. 'AMD Radeon RX 6700 XT' (P:0 D:0)
[2023.06.13-06.13.36:876][  0]LogWindows:    5. 'AMD Radeon RX 6700 XT' (P:0 D:0)
[2023.06.13-06.13.36:877][  0]LogWindows:    6. 'AMD Radeon RX 6700 XT' (P:0 D:0)
[2023.06.13-06.13.36:878][  0]LogWindows: DebugString: FoundDriverCount:7 
[2023.06.13-06.13.36:878][  0]LogD3D11RHI:     Adapter Name: AMD Radeon RX 6700 XT
[2023.06.13-06.13.36:878][  0]LogD3D11RHI:   Driver Version: AMD Software: Adrenalin Edition 23.5.2 (internal:31.0.14057.5006, unified:31.0.14057.5006)
[2023.06.13-06.13.36:878][  0]LogD3D11RHI:      Driver Date: 5-23-2023
[2023.06.13-06.13.36:879][  0]LogRHI: Texture pool is 8032 MB (70% of 11475 MB)
[2023.06.13-06.13.36:961][  0]LogD3D11RHI: Creating D3DDevice with AMD AGS, using adapter:
[2023.06.13-06.13.36:961][  0]LogD3D11RHI:     Description : AMD Radeon RX 6700 XT
[2023.06.13-06.13.36:961][  0]LogD3D11RHI:     VendorId    : 1002
[2023.06.13-06.13.36:961][  0]LogD3D11RHI:     DeviceId    : 73df
[2023.06.13-06.13.36:961][  0]LogD3D11RHI:     SubSysId    : 66061eae
[2023.06.13-06.13.36:961][  0]LogD3D11RHI:     Revision    : 00c5
[2023.06.13-06.13.36:961][  0]LogD3D11RHI:     DedicatedVideoMemory : 12837941248 bytes
[2023.06.13-06.13.36:961][  0]LogD3D11RHI:     DedicatedSystemMemory : 0 bytes
[2023.06.13-06.13.36:961][  0]LogD3D11RHI:     SharedSystemMemory : 12845107200 bytes
[2023.06.13-06.13.36:962][  0]LogD3D11RHI:     AdapterLuid : 0 50771
[2023.06.13-06.13.37:099][  0]LogD3D11RHI: Created device via AGS, feature level 11_0, supported extensions 1fffffbf.
[2023.06.13-06.13.37:100][  0]LogD3D11RHI: RHI has support for 64 bit atomics
[2023.06.13-06.13.37:100][  0]LogD3D11RHI: Async texture creation enabled
[2023.06.13-06.13.37:100][  0]LogD3D11RHI: Array index from any shader is supported
[2023.06.13-06.13.37:126][  0]LogD3D11RHI: GPU Timing Frequency: 100.000000 (Debug: 2 1)
[2023.06.13-06.13.37:667][  0]LogTargetPlatformManager: Display: Loaded TargetPlatform 'AllDesktop'
[2023.06.13-06.13.37:719][  0]LogTargetPlatformManager: Display: Loaded TargetPlatform 'Android'
[2023.06.13-06.13.37:719][  0]LogTargetPlatformManager: Display: Loaded TargetPlatform 'Android_ASTC'
[2023.06.13-06.13.37:719][  0]LogTargetPlatformManager: Display: Loaded TargetPlatform 'Android_DXT'
[2023.06.13-06.13.37:719][  0]LogTargetPlatformManager: Display: Loaded TargetPlatform 'Android_ETC2'
[2023.06.13-06.13.37:720][  0]LogTargetPlatformManager: Display: Loaded TargetPlatform 'AndroidClient'
[2023.06.13-06.13.37:720][  0]LogTargetPlatformManager: Display: Loaded TargetPlatform 'Android_ASTCClient'
[2023.06.13-06.13.37:720][  0]LogTargetPlatformManager: Display: Loaded TargetPlatform 'Android_DXTClient'
[2023.06.13-06.13.37:720][  0]LogTargetPlatformManager: Display: Loaded TargetPlatform 'Android_ETC2Client'
[2023.06.13-06.13.37:720][  0]LogTargetPlatformManager: Display: Loaded TargetPlatform 'Android_Multi'
[2023.06.13-06.13.37:720][  0]LogTargetPlatformManager: Display: Loaded TargetPlatform 'Android_MultiClient'
[2023.06.13-06.13.37:768][  0]LogTargetPlatformManager: Display: Loaded TargetPlatform 'IOSClient'
[2023.06.13-06.13.37:769][  0]LogTargetPlatformManager: Display: Loaded TargetPlatform 'IOS'
[2023.06.13-06.13.37:793][  0]LogTargetPlatformManager: Display: Loaded TargetPlatform 'Linux'
[2023.06.13-06.13.37:804][  0]LogTargetPlatformManager: Display: Loaded TargetPlatform 'LinuxNoEditor'
[2023.06.13-06.13.37:815][  0]LogTargetPlatformManager: Display: Loaded TargetPlatform 'LinuxClient'
[2023.06.13-06.13.37:827][  0]LogTargetPlatformManager: Display: Loaded TargetPlatform 'LinuxServer'
[2023.06.13-06.13.37:849][  0]LogTargetPlatformManager: Display: Loaded TargetPlatform 'LinuxAArch64NoEditor'
[2023.06.13-06.13.37:862][  0]LogTargetPlatformManager: Display: Loaded TargetPlatform 'LinuxAArch64Client'
[2023.06.13-06.13.37:874][  0]LogTargetPlatformManager: Display: Loaded TargetPlatform 'LinuxAArch64Server'
[2023.06.13-06.13.37:933][  0]LogTargetPlatformManager: Display: Loaded TargetPlatform 'Lumin'
[2023.06.13-06.13.37:934][  0]LogTargetPlatformManager: Display: Loaded TargetPlatform 'LuminClient'
[2023.06.13-06.13.37:956][  0]LogTargetPlatformManager: Display: Loaded TargetPlatform 'MacNoEditor'
[2023.06.13-06.13.37:968][  0]LogTargetPlatformManager: Display: Loaded TargetPlatform 'Mac'
[2023.06.13-06.13.37:981][  0]LogTargetPlatformManager: Display: Loaded TargetPlatform 'MacClient'
[2023.06.13-06.13.37:996][  0]LogTargetPlatformManager: Display: Loaded TargetPlatform 'MacServer'
[2023.06.13-06.13.38:021][  0]LogTargetPlatformManager: Display: Loaded TargetPlatform 'TVOSClient'
[2023.06.13-06.13.38:022][  0]LogTargetPlatformManager: Display: Loaded TargetPlatform 'TVOS'
[2023.06.13-06.13.38:044][  0]LogTargetPlatformManager: Display: Loaded TargetPlatform 'WindowsNoEditor'
[2023.06.13-06.13.38:056][  0]LogTargetPlatformManager: Display: Loaded TargetPlatform 'Windows'
[2023.06.13-06.13.38:069][  0]LogTargetPlatformManager: Display: Loaded TargetPlatform 'WindowsClient'
[2023.06.13-06.13.38:082][  0]LogTargetPlatformManager: Display: Loaded TargetPlatform 'WindowsServer'
[2023.06.13-06.13.38:083][  0]LogTargetPlatformManager: Display: Building Assets For Windows
[2023.06.13-06.13.38:110][  0]LogAudioDebug: Display: Lib vorbis DLL was dynamically loaded.
[2023.06.13-06.13.38:219][  0]LogTextureFormatOodle: Display: Oodle Texture 2.9.0 init RDO Off
[2023.06.13-06.13.38:552][  0]LogRendererCore: Ray tracing is disabled. Reason: r.RayTracing=0.
[2023.06.13-06.13.38:552][  0]LogShaderCompilers: Guid format shader working directory is -39 characters bigger than the processId version (../../../../../../Users/solan/OneDrive/Documents/Unreal Projects/Town-Level/TownLevel/Intermediate/Shaders/WorkingDirectory/9596/).
[2023.06.13-06.13.38:552][  0]LogShaderCompilers: Cleaned the shader compiler working directory 'C:/Users/solan/AppData/Local/Temp/UnrealShaderWorkingDir/B5DEE2304BD83E836623019A77DAF2D3/'.
[2023.06.13-06.13.38:552][  0]LogXGEController: Cannot use XGE Controller as Incredibuild is not installed on this machine.
[2023.06.13-06.13.38:553][  0]LogShaderCompilers: Cannot use XGE Shader Compiler as Incredibuild is not installed on this machine.
[2023.06.13-06.13.38:553][  0]LogShaderCompilers: Display: Using Local Shader Compiler.
[2023.06.13-06.13.39:572][  0]LogDerivedDataCache: Display: Max Cache Size: 512 MB
[2023.06.13-06.13.39:675][  0]LogDerivedDataCache: Loaded boot cache 0.10s 121MB C:/Users/solan/AppData/Local/UnrealEngine/4.27/DerivedDataCache/Boot.ddc.
[2023.06.13-06.13.39:675][  0]LogDerivedDataCache: Display: Loaded Boot cache: C:/Users/solan/AppData/Local/UnrealEngine/4.27/DerivedDataCache/Boot.ddc
[2023.06.13-06.13.39:675][  0]LogDerivedDataCache: FDerivedDataBackendGraph:  Pak pak cache file ../../../../../../Users/solan/OneDrive/Documents/Unreal Projects/Town-Level/TownLevel/DerivedDataCache/DDC.ddp not found, will not use a pak cache.
[2023.06.13-06.13.39:675][  0]LogDerivedDataCache: Unable to find inner node Pak for hierarchical cache Hierarchy.
[2023.06.13-06.13.39:676][  0]LogDerivedDataCache: FDerivedDataBackendGraph:  CompressedPak pak cache file ../../../../../../Users/solan/OneDrive/Documents/Unreal Projects/Town-Level/TownLevel/DerivedDataCache/Compressed.ddp not found, will not use a pak cache.
[2023.06.13-06.13.39:676][  0]LogDerivedDataCache: Unable to find inner node CompressedPak for hierarchical cache Hierarchy.
[2023.06.13-06.13.39:701][  0]LogDerivedDataCache: Display: Pak cache opened for reading ../../../Engine/DerivedDataCache/Compressed.ddp.
[2023.06.13-06.13.39:701][  0]LogDerivedDataCache: FDerivedDataBackendGraph:  EnterprisePak pak cache file ../../../Enterprise/DerivedDataCache/Compressed.ddp not found, will not use a pak cache.
[2023.06.13-06.13.39:701][  0]LogDerivedDataCache: Unable to find inner node EnterprisePak for hierarchical cache Hierarchy.
[2023.06.13-06.13.39:748][  0]LogDerivedDataCache: Speed tests for C:/Users/solan/AppData/Local/UnrealEngine/Common/DerivedDataCache took 0.05 seconds
[2023.06.13-06.13.39:748][  0]LogDerivedDataCache: Display: Performance to C:/Users/solan/AppData/Local/UnrealEngine/Common/DerivedDataCache: Latency=0.06ms. RandomReadSpeed=635.25MBs, RandomWriteSpeed=20.86MBs. Assigned SpeedClass 'Local'
[2023.06.13-06.13.39:751][  0]LogDerivedDataCache: Using Local data cache path C:/Users/solan/AppData/Local/UnrealEngine/Common/DerivedDataCache: Writable
[2023.06.13-06.13.39:752][  0]LogDerivedDataCache: Shared data cache path not found in *engine.ini, will not use an Shared cache.
[2023.06.13-06.13.39:752][  0]LogDerivedDataCache: Unable to find inner node Shared for hierarchical cache Hierarchy.
[2023.06.13-06.13.39:820][  0]LogSlate: Using FreeType 2.10.0
[2023.06.13-06.13.39:821][  0]LogSlate: SlateFontServices - WITH_FREETYPE: 1, WITH_HARFBUZZ: 1
[2023.06.13-06.13.39:867][  0]LogAssetRegistry: FAssetRegistry took 0.0087 seconds to start up
[2023.06.13-06.13.40:285][  0]LogInit: Selected Device Profile: [Windows]
[2023.06.13-06.13.40:286][  0]LogInit: Active device profile: [0000020CD6C1CF00][0000020CD4378C00 49] Windows
[2023.06.13-06.13.40:286][  0]LogInit: Profiles: [0000020CD6C1CF00][0000020CD4378C00 49] Windows, [0000020CD6C1A400][0000020CD437CEC0 49] WindowsNoEditor, [0000020CD6C1DF00][0000020CD4381180 49] WindowsServer, [0000020CD6C19600][0000020CD40ED440 49] WindowsClient, [0000020CD6C1D000][0000020CD40F1700 49] IOS, [0000020CD6C1BA00][0000020CD41019C0 49] iPadAir, [0000020CD6C1F300][0000020CD6A26100 49] iPadAir2, [0000020CD7399300][0000020CD7ED0640 49] IPadPro, [0000020CD7399400][0000020CD67C0680 49] iPadAir3, [0000020CD6C18B00][0000020CD67C8940 49] iPadAir4, [0000020CD739A100][0000020CD6690BC0 49] iPadMini2, [0000020CD6C1B400][0000020CD67C4E40 49] iPadMini3, [0000020CD739AC00][0000020CD7EDF100 49] iPadMini4, [0000020CD6C1A700][0000020CD7EE33C0 49] iPadMini5, [0000020CD73ACD00][0000020CD6765900 49] iPhone6, [0000020CD73ACE00][0000020CD7EE7940 49] iPodTouch6, [0000020CD6C1E900][0000020CD676C300 49] iPhone7, [0000020CD6C1EA00][0000020CD675C340 49] iPodTouch7, [0000020CD7399800][0000020CD6760600 49] iPhone5S, [0000020CD6C1D300][0000020CD67588C0 49] iPhone6Plus, [0000020CD6C1F900][0000020CD6768B80 49] iPhone6S, [0000020CD73AD200][0000020CD67CCE00 49] iPhone6SPlus, [0000020CD6C1CB00][0000020CD678D080 49] iPhone7Plus, [0000020CD73AD500][0000020CD7FBB340 49] iPhoneSE, [0000020CD6C1CA00][0000020CD7FC3600 49] iPhone8, [0000020CD73AD100][0000020CD7FC78C0 49] iPhone8Plus, [0000020CD739AB00][0000020CD7FCFB80 49] iPhoneX, [0000020CD73ACC00][0000020CD7FD22C0 49] iPhoneXS, [0000020CD739BA00][0000020CD7FD6580 49] iPhoneXSMax, [0000020CD73AF700][0000020CD7FDA840 49] iPhoneXR, [0000020CD7398D00][0000020CD7FDEB00 49] iPhone11, [0000020CD73AE500][0000020CD7FE2DC0 49] iPhone11Pro, [0000020CD739A900][0000020CD6791040 49] iPhone11ProMax, [0000020CD73AC200][0000020CD7FBF2C0 49] iPhoneSE2, [0000020CD7398B00][0000020CD7FE7580 49] iPhone12Mini, [0000020CD73AE900][0000020CD7FEB840 49] iPhone12, [0000020CD739AE00][0000020CD67A1B00 49] iPhone12Pro, [0000020CD73ACA00][0000020CD67A4240 49] iPhone12ProMax, [0000020CD739B200][0000020CD67A8500 49] iPadPro105, [0000020CD73AF500][0000020CD67AC7C0 49] iPadPro129, [0000020CD739A000][0000020CD67B0A80 49] iPadPro97, [0000020CD73ADF00][0000020CD40E8D40 49] iPadPro2_129, [0000020CD739A400][0000020CD65ED000 49] iPad5, [0000020CD73AD300][0000020CD7FCB280 49] iPad6, [0000020CD7398C00][0000020CD65F1500 49] iPad7, [0000020CD73AD600][0000020CD6BB97C0 49] iPad8, [0000020CD739BC00][0000020CD6BBDA80 49] iPadPro11, [0000020CD73AD700][0000020CD6BC01C0 49] iPadPro2_11, [0000020CD7398600][0000020CD6BC4480 49] iPadPro3_129, [0000020CD73AFF00][0000020CD6BC8740 49] iPadPro4_129, [0000020CD739B100][0000020CD6BCCA00 49] AppleTV, [0000020CD73AC800][0000020CD6BD0CC0 49] AppleTV4K, [0000020CD7398500][0000020CD6BD4F80 49] TVOS, [0000020CD73AC500][0000020CD6BD9240 49] Mac, [0000020CD7398700][0000020CD6BB54C0 49] MacClient, [0000020CD73AD400][0000020CD40C1740 49] MacNoEditor, [0000020CD7399500][0000020CD40C9A00 49] MacServer, [0000020CD73AED00][0000020CD40CC140 49] Linux, [0000020CD7398400][0000020CD40D0400 49] LinuxAArch64, [0000020CD73ADD00][0000020CD40D46C0 49] LinuxNoEditor, [0000020CD7399C00][0000020CD40D8980 49] LinuxAArch64NoEditor, [0000020CD73AE800][0000020CD40DCC40 49] LinuxClient, [0000020CD739AD00][0000020CD40E0F00 49] LinuxAArch64Client, [0000020CD73AC100][0000020CD40E51C0 49] LinuxServer, [0000020CD7399E00][0000020CD66FD480 49] LinuxAArch64Server, [0000020CD73ACB00][0000020CD40C5700 49] Android, [0000020CD7399A00][0000020CD6701980 49] Android_Low, [0000020CD73AEE00][0000020CD67080C0 49] Android_Mid, [0000020CD7399000][0000020CD670C380 49] Android_High, [0000020CD73AEF00][0000020CD6710640 49] Android_Default, [0000020CD7399700][0000020CD6714900 49] Android_Adreno4xx, [0000020CD73AD800][0000020CD6718BC0 49] Android_Adreno5xx_Low, [0000020CD7398A00][0000020CD671CE80 49] Android_Adreno5xx, [0000020CD73AF300][0000020CD6721140 49] Android_Adreno6xx, [0000020CD7398E00][0000020CD6725400 49] Android_Adreno6xx_Vulkan, [0000020CD73AF000][0000020CD83276C0 49] Android_Mali_T6xx, [0000020CD6C1C100][0000020CD6705940 49] Android_Mali_T7xx, [0000020CD6C18800][0000020CD832BBC0 49] Android_Mali_T8xx, [0000020CD6C1D200][0000020CD8332300 49] Android_Mali_G71, [0000020CD6C18E00][0000020CD83365C0 49] Android_Mali_G72, [0000020CD6C1D100][0000020CD833A880 49] Android_Mali_G72_Vulkan, [0000020CD6C1A500][0000020CD833EB40 49] Android_Mali_G76, [0000020CD6C1D500][0000020CD8342E00 49] Android_Mali_G76_Vulkan, [0000020CD6C1A000][0000020CD83470C0 49] Android_Mali_G77, [0000020CD6C1FF00][0000020CD834B380 49] Android_Mali_G77_Vulkan, [0000020CD6C19D00][0000020CD834F640 49] Android_Mali_G78, [0000020CD6C1C300][0000020CD8353900 49] Android_Mali_G78_Vulkan, [0000020CD6C18400][0000020CD832FB80 49] Android_Mali_G710, [0000020CD6C1E800][0000020CD835A2C0 49] Android_Mali_G710_Vulkan, [0000020CD6C1B100][0000020CD835E580 49] Android_Vulkan_SM5, [0000020CD6C1F100][0000020CD8362840 49] Android_PowerVR_G6xxx, [0000020CD6C18A00][0000020CD8366B00 49] Android_PowerVR_GT7xxx, [0000020CD6C1CD00][0000020CD836ADC0 49] Android_PowerVR_GE8xxx, [0000020CD6C1BC00][0000020CD836F080 49] Android_PowerVR_GM9xxx, [0000020CD6C1FA00][0000020CD8373340 49] Android_PowerVR_GM9xxx_Vulkan, [0000020CD6C19200][0000020CD8377600 49] Android_TegraK1, [0000020CD6C1F000][0000020CD837B8C0 49] Android_Unknown_Vulkan, [0000020CD6C1B000][0000020CD8357B40 49] Lumin, [0000020CD6C1E100][0000020CD837E240 49] Lumin_Desktop, [0000020CD6C1AE00][0000020CD8386500 49] HoloLens, 
[2023.06.13-06.13.40:485][  0]LogMeshReduction: Using QuadricMeshReduction for automatic static mesh reduction
[2023.06.13-06.13.40:485][  0]LogMeshReduction: Using SimplygonMeshReduction for automatic skeletal mesh reduction
[2023.06.13-06.13.40:485][  0]LogMeshReduction: Using ProxyLODMeshReduction for automatic mesh merging
[2023.06.13-06.13.40:485][  0]LogMeshReduction: No distributed automatic mesh merging module available
[2023.06.13-06.13.40:485][  0]LogMeshMerging: No distributed automatic mesh merging module available
[2023.06.13-06.13.40:515][  0]LogNetVersion: TownLevel 1.0.0, NetCL: 17155196, EngineNetVer: 17, GameNetVer: 0 (Checksum: 3342579786)
[2023.06.13-06.13.41:066][  0]LogTexture: Default maximum texture size for cubemaps generated from long-lat sources has been changed from 512 to unlimited. In order to preserve old behaiour for '/Engine/MapTemplates/Sky/DaylightAmbientCubemap.DaylightAmbientCubemap', its maximum texture size has been explicitly set to 512.
[2023.06.13-06.13.41:140][  0]LogHMD: PokeAHoleMaterial loaded successfully
[2023.06.13-06.13.41:147][  0]LogUObjectArray: 17178 objects as part of root set at end of initial load.
[2023.06.13-06.13.41:148][  0]LogUObjectAllocator: 4302048 out of 0 bytes used by permanent object pool.
[2023.06.13-06.13.41:148][  0]LogUObjectArray: CloseDisregardForGC: 0/0 objects in disregard for GC pool
[2023.06.13-06.13.41:680][  0]LogNiagaraDebuggerClient: Niagara Debugger Client Initialized | Session: C68DCBEE441BBDEBC214A3919492215F | Instance: D84320964E50EE379ED6A2BB13B364AE (DESKTOP-QNMLLBG-9596).
[2023.06.13-06.13.41:742][  0]LogPython: Using Python 3.7.7
[2023.06.13-06.13.42:640][  0]LogTcpMessaging: Initializing TcpMessaging bridge
[2023.06.13-06.13.42:650][  0]LogUdpMessaging: Initializing bridge on interface 0.0.0.0:0 to multicast group 230.0.0.1:6666.
[2023.06.13-06.13.43:156][  0]SourceControl: Source control is disabled
[2023.06.13-06.13.43:156][  0]SourceControl: Source control is disabled
[2023.06.13-06.13.43:162][  0]SourceControl: Source control is disabled
[2023.06.13-06.13.43:173][  0]SourceControl: Source control is disabled
[2023.06.13-06.13.43:185][  0]SourceControl: Source control is disabled
[2023.06.13-06.13.43:197][  0]LogUProjectInfo: Found projects:
[2023.06.13-06.13.43:559][  0]LogOpenImageDenoise: OIDN starting up
[2023.06.13-06.13.43:633][  0]LogAndroidPermission: UAndroidPermissionCallbackProxy::GetInstance
[2023.06.13-06.13.43:660][  0]LogAudioCaptureCore: Display: No Audio Capture implementations found. Audio input will be silent.
[2023.06.13-06.13.43:660][  0]LogAudioCaptureCore: Display: No Audio Capture implementations found. Audio input will be silent.
[2023.06.13-06.13.43:851][  0]LogCollectionManager: Loaded 0 collections in 0.002572 seconds
[2023.06.13-06.13.43:892][  0]LogFileCache: Scanning file cache for directory 'C:/Users/solan/OneDrive/Documents/Unreal Projects/Town-Level/TownLevel/Saved/Collections/' took 0.00s
[2023.06.13-06.13.43:892][  0]LogFileCache: Scanning file cache for directory 'C:/Users/solan/OneDrive/Documents/Unreal Projects/Town-Level/TownLevel/Content/Developers/solan/Collections/' took 0.00s
[2023.06.13-06.13.43:892][  0]LogFileCache: Scanning file cache for directory 'C:/Users/solan/OneDrive/Documents/Unreal Projects/Town-Level/TownLevel/Content/Collections/' took 0.00s
[2023.06.13-06.13.43:892][  0]LogOcInput: OculusInput pre-init called
[2023.06.13-06.13.44:183][  0]LogEngine: Initializing Engine...
[2023.06.13-06.13.44:187][  0]LogHMD: Failed to enumerate extensions. Please check that you have a valid OpenXR runtime installed.
[2023.06.13-06.13.44:187][  0]LogHMD: Failed to initialize OpenVR with code 110
[2023.06.13-06.13.44:187][  0]LogMagicLeap: Warning: VR disabled because ZI is not enabled.  To enable, in the editor, Edit -> Project Settings -> Plugins -> Magic Leap Plugin -> Enable Zero Iteration
[2023.06.13-06.13.44:189][  0]LogStats: UGameplayTagsManager::InitializeManager -  0.000 s
[2023.06.13-06.13.44:330][  0]LogInit: Initializing FReadOnlyCVARCache
[2023.06.13-06.13.44:343][  0]LogAIModule: Creating AISystem for world Untitled
[2023.06.13-06.13.44:344][  0]LogAudio: Display: Initializing Audio Device Manager...
[2023.06.13-06.13.44:350][  0]LogAudio: Display: Loading Default Audio Settings Objects...
[2023.06.13-06.13.44:350][  0]LogAudio: Display: No default SoundConcurrencyObject specified (or failed to load).
[2023.06.13-06.13.44:351][  0]LogAudio: Display: Audio Device Manager Initialized
[2023.06.13-06.13.44:351][  0]LogAudio: Display: Creating Audio Device:                 Id: 1, Scope: Shared, Realtime: True
[2023.06.13-06.13.44:351][  0]LogAudioMixer: Display: Audio Mixer Platform Settings:
[2023.06.13-06.13.44:351][  0]LogAudioMixer: Display: 	Sample Rate:						  48000
[2023.06.13-06.13.44:351][  0]LogAudioMixer: Display: 	Callback Buffer Frame Size Requested: 1024
[2023.06.13-06.13.44:351][  0]LogAudioMixer: Display: 	Callback Buffer Frame Size To Use:	  1024
[2023.06.13-06.13.44:351][  0]LogAudioMixer: Display: 	Number of buffers to queue:			  2
[2023.06.13-06.13.44:352][  0]LogAudioMixer: Display: 	Max Channels (voices):				  32
[2023.06.13-06.13.44:352][  0]LogAudioMixer: Display: 	Number of Async Source Workers:		  0
[2023.06.13-06.13.44:352][  0]LogAudio: Display: AudioDevice MaxSources: 32
[2023.06.13-06.13.44:352][  0]LogAudio: Display: Audio Spatialization Plugin: None (built-in).
[2023.06.13-06.13.44:352][  0]LogAudio: Display: Audio Reverb Plugin: None (built-in).
[2023.06.13-06.13.44:352][  0]LogAudio: Display: Audio Occlusion Plugin: None (built-in).
[2023.06.13-06.13.44:352][  0]LogAudioMixer: Display: Initializing audio mixer.
[2023.06.13-06.13.44:373][  0]LogAudioMixer: Display: 0: FrontLeft
[2023.06.13-06.13.44:373][  0]LogAudioMixer: Display: 1: FrontRight
[2023.06.13-06.13.44:411][  0]LogAudioMixer: Display: Using Audio Device Speakers (2- High Definition Audio Device)
[2023.06.13-06.13.44:413][  0]LogAudioMixer: Display: Initializing Sound Submixes...
[2023.06.13-06.13.44:416][  0]LogAudioMixer: Display: Creating Master Submix 'MasterSubmixDefault'
[2023.06.13-06.13.44:416][  0]LogAudioMixer: Display: Creating Master Submix 'MasterReverbSubmixDefault'
[2023.06.13-06.13.44:417][  0]LogAudioMixer: Display: Creating Master Submix 'MasterEQSubmixDefault'
[2023.06.13-06.13.44:418][  0]LogAudioMixer: FMixerPlatformXAudio2::StartAudioStream() called
[2023.06.13-06.13.44:418][  0]LogAudioMixer: Display: Output buffers initialized: Frames=1024, Channels=2, Samples=2048
[2023.06.13-06.13.44:420][  0]LogAudioMixer: Display: Starting AudioMixerPlatformInterface::RunInternal()
[2023.06.13-06.13.44:420][  0]LogAudioMixer: Display: FMixerPlatformXAudio2::SubmitBuffer() called for the first time
[2023.06.13-06.13.44:420][  0]LogInit: FAudioDevice initialized.
[2023.06.13-06.13.44:420][  0]LogAudio: Display: Audio Device (ID: 1) registered with world 'Untitled'.
[2023.06.13-06.13.44:420][  0]LogNetVersion: Set ProjectVersion to 1.0.0.0. Version Checksum will be recalculated on next use.
[2023.06.13-06.13.44:533][  0]LogDerivedDataCache: Saved boot cache 0.11s 103MB C:/Users/solan/AppData/Local/UnrealEngine/4.27/DerivedDataCache/Boot.ddc.
[2023.06.13-06.13.44:534][  0]LogInit: Texture streaming: Enabled
[2023.06.13-06.13.44:555][  0]LogAnalytics: Display: [UEEditor.Rocket.Release] APIServer = https://datarouter.ol.epicgames.com/. AppVersion = 4.27.2-18319896+++UE4+Release-4.27
[2023.06.13-06.13.44:560][  0]LogEngineSessionManager: EngineSessionManager initialized
[2023.06.13-06.13.44:560][  0]LogEditorSessionSummary: Verbose: Initializing EditorSessionSummaryWriter for editor session tracking
[2023.06.13-06.13.44:562][  0]LogEditorSessionSummary: EditorSessionSummaryWriter initialized
[2023.06.13-06.13.44:596][  0]LogInit: Transaction tracking system initialized
[2023.06.13-06.13.44:632][  0]BlueprintLog: New page: Editor Load
[2023.06.13-06.13.44:732][  0]LocalizationService: Localization service is disabled
[2023.06.13-06.13.44:771][  0]TimingProfiler: Initialize
[2023.06.13-06.13.44:771][  0]TimingProfiler: OnSessionChanged
[2023.06.13-06.13.44:771][  0]LoadingProfiler: Initialize
[2023.06.13-06.13.44:772][  0]LoadingProfiler: OnSessionChanged
[2023.06.13-06.13.44:772][  0]NetworkingProfiler: Initialize
[2023.06.13-06.13.44:772][  0]NetworkingProfiler: OnSessionChanged
[2023.06.13-06.13.44:772][  0]MemoryProfiler: Initialize
[2023.06.13-06.13.44:772][  0]MemoryProfiler: OnSessionChanged
[2023.06.13-06.13.44:992][  0]LogCook: Display: CookSettings for Memory: MemoryMaxUsedVirtual 0MiB, MemoryMaxUsedPhysical 16384MiB, MemoryMinFreeVirtual 0MiB, MemoryMinFreePhysical 1024MiB
[2023.06.13-06.13.44:992][  0]LogCook: Display: Mobile HDR setting 1
[2023.06.13-06.13.45:287][  0]LogFileCache: Scanning file cache for directory 'C:/Users/solan/OneDrive/Documents/Unreal Projects/Town-Level/TownLevel/Content/' took 0.01s
[2023.06.13-06.13.45:488][  0]LogInit: Display: Engine is initialized. Leaving FEngineLoop::Init()
[2023.06.13-06.13.45:493][  0]SourceControl: Source control is disabled
[2023.06.13-06.13.45:493][  0]LogUnrealEdMisc: Loading editor; pre map load, took 13.047
[2023.06.13-06.13.45:493][  0]Cmd: MAP LOAD FILE="../../../../../../Users/solan/OneDrive/Documents/Unreal Projects/Town-Level/TownLevel/Content/ThirdPersonCPP/Maps/ThirdPersonExampleMap.umap" TEMPLATE=0 SHOWPROGRESS=1 FEATURELEVEL=3
[2023.06.13-06.13.45:494][  0]LightingResults: New page: Lighting Build
[2023.06.13-06.13.45:496][  0]LogWorld: UWorld::CleanupWorld for Untitled, bSessionEnded=true, bCleanupResources=true
[2023.06.13-06.13.45:496][  0]LogSlate: InvalidateAllWidgets triggered.  All widgets were invalidated
[2023.06.13-06.13.45:496][  0]MapCheck: New page: Map Check
[2023.06.13-06.13.45:496][  0]LightingResults: New page: Lighting Build
[2023.06.13-06.13.45:513][  0]LogAudio: Display: Audio Device unregistered from world 'None'.
[2023.06.13-06.13.45:519][  0]LogUObjectHash: Compacting FUObjectHashTables data took   1.08ms
[2023.06.13-06.13.45:595][  0]LogAudio: Display: Audio Device (ID: 1) registered with world 'ThirdPersonExampleMap'.
[2023.06.13-06.13.45:597][  0]LogAIModule: Creating AISystem for world ThirdPersonExampleMap
[2023.06.13-06.13.45:612][  0]LogEditorServer: Finished looking for orphan Actors (0.000 secs)
[2023.06.13-06.13.45:634][  0]LogUObjectHash: Compacting FUObjectHashTables data took   1.02ms
[2023.06.13-06.13.45:634][  0]Cmd: MAP CHECKDEP NOCLEARLOG
[2023.06.13-06.13.45:635][  0]MapCheck: Map check complete: 0 Error(s), 0 Warning(s), took 0.267ms to complete.
[2023.06.13-06.13.45:635][  0]LogFileHelpers: Loading map 'ThirdPersonExampleMap' took 0.142
[2023.06.13-06.13.45:638][  0]LogUnrealEdMisc: Total Editor Startup Time, took 13.192
[2023.06.13-06.13.45:778][  0]LogSlate: Updating window title bar state: overlay mode, drag disabled, window buttons hidden, title bar hidden
[2023.06.13-06.13.45:786][  0]LogSlate: Updating window title bar state: overlay mode, drag disabled, window buttons hidden, title bar hidden
[2023.06.13-06.13.45:795][  0]LogSlate: Updating window title bar state: overlay mode, drag disabled, window buttons hidden, title bar hidden
[2023.06.13-06.13.45:804][  0]LogSlate: Updating window title bar state: overlay mode, drag disabled, window buttons hidden, title bar hidden
[2023.06.13-06.13.45:814][  0]LogSlate: Updating window title bar state: overlay mode, drag disabled, window buttons hidden, title bar hidden
[2023.06.13-06.13.45:824][  0]LogSlate: Updating window title bar state: overlay mode, drag disabled, window buttons hidden, title bar hidden
[2023.06.13-06.13.45:835][  0]LogSlate: Updating window title bar state: overlay mode, drag disabled, window buttons hidden, title bar hidden
[2023.06.13-06.13.45:846][  0]LogSlate: Updating window title bar state: overlay mode, drag disabled, window buttons hidden, title bar hidden
[2023.06.13-06.13.45:876][  0]LogNativeClassHierarchy: Verbose: Native class hierarchy populated in 0.0182 seconds. Added 3824 classes and 930 folders.
[2023.06.13-06.13.45:880][  0]LogNativeClassHierarchy: Verbose: Native class hierarchy updated for 'WidgetCarousel' in 0.0005 seconds. Added 0 classes and 0 folders.
[2023.06.13-06.13.45:882][  0]LogPakFile: PakFile PrimaryIndexSize=187
[2023.06.13-06.13.45:883][  0]LogPakFile: PakFile PathHashIndexSize=101
[2023.06.13-06.13.45:883][  0]LogPakFile: PakFile FullDirectoryIndexSize=148
[2023.06.13-06.13.45:883][  0]LogShaderLibrary: Display: ShaderCodeLibraryPakFileMountedCallback: PakFile 'C:/Program Files/Epic Games/UE_4.27/FeaturePacks/FP_FirstPerson.upack' (chunk index -1, root 'root:/') mounted
[2023.06.13-06.13.45:884][  0]LogShaderLibrary: Display: ShaderCodeLibraryPakFileMountedCallback: pending pak file info (ChunkID:-1 Root:root:/ File:C:/Program Files/Epic Games/UE_4.27/FeaturePacks/FP_FirstPerson.upack)
[2023.06.13-06.13.45:884][  0]LogPakFile: OnPakFileMounted2Time == 0.000565
[2023.06.13-06.13.45:885][  0]LogPakFile: PakFile PrimaryIndexSize=189
[2023.06.13-06.13.45:886][  0]LogPakFile: PakFile PathHashIndexSize=101
[2023.06.13-06.13.45:886][  0]LogPakFile: PakFile FullDirectoryIndexSize=152
[2023.06.13-06.13.45:886][  0]LogShaderLibrary: Display: ShaderCodeLibraryPakFileMountedCallback: PakFile 'C:/Program Files/Epic Games/UE_4.27/FeaturePacks/FP_FirstPersonBP.upack' (chunk index -1, root 'root:/') mounted
[2023.06.13-06.13.45:886][  0]LogShaderLibrary: Display: ShaderCodeLibraryPakFileMountedCallback: pending pak file info (ChunkID:-1 Root:root:/ File:C:/Program Files/Epic Games/UE_4.27/FeaturePacks/FP_FirstPersonBP.upack)
[2023.06.13-06.13.45:887][  0]LogPakFile: OnPakFileMounted2Time == 0.000705
[2023.06.13-06.13.45:888][  0]LogPakFile: PakFile PrimaryIndexSize=191
[2023.06.13-06.13.45:888][  0]LogPakFile: PakFile PathHashIndexSize=101
[2023.06.13-06.13.45:888][  0]LogPakFile: PakFile FullDirectoryIndexSize=160
[2023.06.13-06.13.45:889][  0]LogShaderLibrary: Display: ShaderCodeLibraryPakFileMountedCallback: PakFile 'C:/Program Files/Epic Games/UE_4.27/FeaturePacks/MobileStarterContent.upack' (chunk index -1, root 'root:/') mounted
[2023.06.13-06.13.45:889][  0]LogShaderLibrary: Display: ShaderCodeLibraryPakFileMountedCallback: pending pak file info (ChunkID:-1 Root:root:/ File:C:/Program Files/Epic Games/UE_4.27/FeaturePacks/MobileStarterContent.upack)
[2023.06.13-06.13.45:890][  0]LogPakFile: OnPakFileMounted2Time == 0.001023
[2023.06.13-06.13.45:891][  0]LogPakFile: PakFile PrimaryIndexSize=185
[2023.06.13-06.13.45:892][  0]LogPakFile: PakFile PathHashIndexSize=101
[2023.06.13-06.13.45:892][  0]LogPakFile: PakFile FullDirectoryIndexSize=148
[2023.06.13-06.13.45:892][  0]LogShaderLibrary: Display: ShaderCodeLibraryPakFileMountedCallback: PakFile 'C:/Program Files/Epic Games/UE_4.27/FeaturePacks/StarterContent.upack' (chunk index -1, root 'root:/') mounted
[2023.06.13-06.13.45:892][  0]LogShaderLibrary: Display: ShaderCodeLibraryPakFileMountedCallback: pending pak file info (ChunkID:-1 Root:root:/ File:C:/Program Files/Epic Games/UE_4.27/FeaturePacks/StarterContent.upack)
[2023.06.13-06.13.45:892][  0]LogPakFile: OnPakFileMounted2Time == 0.000200
[2023.06.13-06.13.45:893][  0]LogPakFile: PakFile PrimaryIndexSize=190
[2023.06.13-06.13.45:893][  0]LogPakFile: PakFile PathHashIndexSize=101
[2023.06.13-06.13.45:893][  0]LogPakFile: PakFile FullDirectoryIndexSize=154
[2023.06.13-06.13.45:893][  0]LogShaderLibrary: Display: ShaderCodeLibraryPakFileMountedCallback: PakFile 'C:/Program Files/Epic Games/UE_4.27/FeaturePacks/TP_2DSideScroller.upack' (chunk index -1, root 'root:/') mounted
[2023.06.13-06.13.45:893][  0]LogShaderLibrary: Display: ShaderCodeLibraryPakFileMountedCallback: pending pak file info (ChunkID:-1 Root:root:/ File:C:/Program Files/Epic Games/UE_4.27/FeaturePacks/TP_2DSideScroller.upack)
[2023.06.13-06.13.45:893][  0]LogPakFile: OnPakFileMounted2Time == 0.000182
[2023.06.13-06.13.45:894][  0]LogPakFile: PakFile PrimaryIndexSize=192
[2023.06.13-06.13.45:894][  0]LogPakFile: PakFile PathHashIndexSize=101
[2023.06.13-06.13.45:895][  0]LogPakFile: PakFile FullDirectoryIndexSize=158
[2023.06.13-06.13.45:895][  0]LogShaderLibrary: Display: ShaderCodeLibraryPakFileMountedCallback: PakFile 'C:/Program Files/Epic Games/UE_4.27/FeaturePacks/TP_2DSideScrollerBP.upack' (chunk index -1, root 'root:/') mounted
[2023.06.13-06.13.45:895][  0]LogShaderLibrary: Display: ShaderCodeLibraryPakFileMountedCallback: pending pak file info (ChunkID:-1 Root:root:/ File:C:/Program Files/Epic Games/UE_4.27/FeaturePacks/TP_2DSideScrollerBP.upack)
[2023.06.13-06.13.45:895][  0]LogPakFile: OnPakFileMounted2Time == 0.000160
[2023.06.13-06.13.45:896][  0]LogPakFile: PakFile PrimaryIndexSize=182
[2023.06.13-06.13.45:896][  0]LogPakFile: PakFile PathHashIndexSize=101
[2023.06.13-06.13.45:896][  0]LogPakFile: PakFile FullDirectoryIndexSize=138
[2023.06.13-06.13.45:896][  0]LogShaderLibrary: Display: ShaderCodeLibraryPakFileMountedCallback: PakFile 'C:/Program Files/Epic Games/UE_4.27/FeaturePacks/TP_Flying.upack' (chunk index -1, root 'root:/') mounted
[2023.06.13-06.13.45:896][  0]LogShaderLibrary: Display: ShaderCodeLibraryPakFileMountedCallback: pending pak file info (ChunkID:-1 Root:root:/ File:C:/Program Files/Epic Games/UE_4.27/FeaturePacks/TP_Flying.upack)
[2023.06.13-06.13.45:897][  0]LogPakFile: OnPakFileMounted2Time == 0.000388
[2023.06.13-06.13.45:898][  0]LogPakFile: PakFile PrimaryIndexSize=184
[2023.06.13-06.13.45:898][  0]LogPakFile: PakFile PathHashIndexSize=101
[2023.06.13-06.13.45:899][  0]LogPakFile: PakFile FullDirectoryIndexSize=142
[2023.06.13-06.13.45:899][  0]LogShaderLibrary: Display: ShaderCodeLibraryPakFileMountedCallback: PakFile 'C:/Program Files/Epic Games/UE_4.27/FeaturePacks/TP_FlyingBP.upack' (chunk index -1, root 'root:/') mounted
[2023.06.13-06.13.45:899][  0]LogShaderLibrary: Display: ShaderCodeLibraryPakFileMountedCallback: pending pak file info (ChunkID:-1 Root:root:/ File:C:/Program Files/Epic Games/UE_4.27/FeaturePacks/TP_FlyingBP.upack)
[2023.06.13-06.13.45:900][  0]LogPakFile: OnPakFileMounted2Time == 0.000996
[2023.06.13-06.13.45:901][  0]LogPakFile: PakFile PrimaryIndexSize=188
[2023.06.13-06.13.45:902][  0]LogPakFile: PakFile PathHashIndexSize=101
[2023.06.13-06.13.45:903][  0]LogPakFile: PakFile FullDirectoryIndexSize=150
[2023.06.13-06.13.45:903][  0]LogShaderLibrary: Display: ShaderCodeLibraryPakFileMountedCallback: PakFile 'C:/Program Files/Epic Games/UE_4.27/FeaturePacks/TP_HandheldARBP.upack' (chunk index -1, root 'root:/') mounted
[2023.06.13-06.13.45:903][  0]LogShaderLibrary: Display: ShaderCodeLibraryPakFileMountedCallback: pending pak file info (ChunkID:-1 Root:root:/ File:C:/Program Files/Epic Games/UE_4.27/FeaturePacks/TP_HandheldARBP.upack)
[2023.06.13-06.13.45:903][  0]LogPakFile: OnPakFileMounted2Time == 0.000408
[2023.06.13-06.13.45:905][  0]LogPakFile: PakFile PrimaryIndexSize=182
[2023.06.13-06.13.45:906][  0]LogPakFile: PakFile PathHashIndexSize=101
[2023.06.13-06.13.45:907][  0]LogPakFile: PakFile FullDirectoryIndexSize=138
[2023.06.13-06.13.45:907][  0]LogShaderLibrary: Display: ShaderCodeLibraryPakFileMountedCallback: PakFile 'C:/Program Files/Epic Games/UE_4.27/FeaturePacks/TP_Puzzle.upack' (chunk index -1, root 'root:/') mounted
[2023.06.13-06.13.45:907][  0]LogShaderLibrary: Display: ShaderCodeLibraryPakFileMountedCallback: pending pak file info (ChunkID:-1 Root:root:/ File:C:/Program Files/Epic Games/UE_4.27/FeaturePacks/TP_Puzzle.upack)
[2023.06.13-06.13.45:908][  0]LogPakFile: OnPakFileMounted2Time == 0.000692
[2023.06.13-06.13.45:909][  0]LogPakFile: PakFile PrimaryIndexSize=184
[2023.06.13-06.13.45:910][  0]LogPakFile: PakFile PathHashIndexSize=101
[2023.06.13-06.13.45:910][  0]LogPakFile: PakFile FullDirectoryIndexSize=142
[2023.06.13-06.13.45:910][  0]LogShaderLibrary: Display: ShaderCodeLibraryPakFileMountedCallback: PakFile 'C:/Program Files/Epic Games/UE_4.27/FeaturePacks/TP_PuzzleBP.upack' (chunk index -1, root 'root:/') mounted
[2023.06.13-06.13.45:911][  0]LogShaderLibrary: Display: ShaderCodeLibraryPakFileMountedCallback: pending pak file info (ChunkID:-1 Root:root:/ File:C:/Program Files/Epic Games/UE_4.27/FeaturePacks/TP_PuzzleBP.upack)
[2023.06.13-06.13.45:911][  0]LogPakFile: OnPakFileMounted2Time == 0.000488
[2023.06.13-06.13.45:914][  0]LogPakFile: PakFile PrimaryIndexSize=183
[2023.06.13-06.13.45:914][  0]LogPakFile: PakFile PathHashIndexSize=101
[2023.06.13-06.13.45:915][  0]LogPakFile: PakFile FullDirectoryIndexSize=140
[2023.06.13-06.13.45:915][  0]LogShaderLibrary: Display: ShaderCodeLibraryPakFileMountedCallback: PakFile 'C:/Program Files/Epic Games/UE_4.27/FeaturePacks/TP_Rolling.upack' (chunk index -1, root 'root:/') mounted
[2023.06.13-06.13.45:915][  0]LogShaderLibrary: Display: ShaderCodeLibraryPakFileMountedCallback: pending pak file info (ChunkID:-1 Root:root:/ File:C:/Program Files/Epic Games/UE_4.27/FeaturePacks/TP_Rolling.upack)
[2023.06.13-06.13.45:917][  0]LogPakFile: OnPakFileMounted2Time == 0.002044
[2023.06.13-06.13.45:919][  0]LogPakFile: PakFile PrimaryIndexSize=185
[2023.06.13-06.13.45:919][  0]LogPakFile: PakFile PathHashIndexSize=101
[2023.06.13-06.13.45:919][  0]LogPakFile: PakFile FullDirectoryIndexSize=144
[2023.06.13-06.13.45:920][  0]LogShaderLibrary: Display: ShaderCodeLibraryPakFileMountedCallback: PakFile 'C:/Program Files/Epic Games/UE_4.27/FeaturePacks/TP_RollingBP.upack' (chunk index -1, root 'root:/') mounted
[2023.06.13-06.13.45:921][  0]LogShaderLibrary: Display: ShaderCodeLibraryPakFileMountedCallback: pending pak file info (ChunkID:-1 Root:root:/ File:C:/Program Files/Epic Games/UE_4.27/FeaturePacks/TP_RollingBP.upack)
[2023.06.13-06.13.45:922][  0]LogPakFile: OnPakFileMounted2Time == 0.002038
[2023.06.13-06.13.45:924][  0]LogPakFile: PakFile PrimaryIndexSize=188
[2023.06.13-06.13.45:925][  0]LogPakFile: PakFile PathHashIndexSize=101
[2023.06.13-06.13.45:925][  0]LogPakFile: PakFile FullDirectoryIndexSize=150
[2023.06.13-06.13.45:926][  0]LogShaderLibrary: Display: ShaderCodeLibraryPakFileMountedCallback: PakFile 'C:/Program Files/Epic Games/UE_4.27/FeaturePacks/TP_SideScroller.upack' (chunk index -1, root 'root:/') mounted
[2023.06.13-06.13.45:926][  0]LogShaderLibrary: Display: ShaderCodeLibraryPakFileMountedCallback: pending pak file info (ChunkID:-1 Root:root:/ File:C:/Program Files/Epic Games/UE_4.27/FeaturePacks/TP_SideScroller.upack)
[2023.06.13-06.13.45:926][  0]LogPakFile: OnPakFileMounted2Time == 0.000592
[2023.06.13-06.13.45:928][  0]LogPakFile: PakFile PrimaryIndexSize=190
[2023.06.13-06.13.45:928][  0]LogPakFile: PakFile PathHashIndexSize=101
[2023.06.13-06.13.45:928][  0]LogPakFile: PakFile FullDirectoryIndexSize=154
[2023.06.13-06.13.45:928][  0]LogShaderLibrary: Display: ShaderCodeLibraryPakFileMountedCallback: PakFile 'C:/Program Files/Epic Games/UE_4.27/FeaturePacks/TP_SideScrollerBP.upack' (chunk index -1, root 'root:/') mounted
[2023.06.13-06.13.45:928][  0]LogShaderLibrary: Display: ShaderCodeLibraryPakFileMountedCallback: pending pak file info (ChunkID:-1 Root:root:/ File:C:/Program Files/Epic Games/UE_4.27/FeaturePacks/TP_SideScrollerBP.upack)
[2023.06.13-06.13.45:929][  0]LogPakFile: OnPakFileMounted2Time == 0.000659
[2023.06.13-06.13.45:930][  0]LogPakFile: PakFile PrimaryIndexSize=187
[2023.06.13-06.13.45:931][  0]LogPakFile: PakFile PathHashIndexSize=101
[2023.06.13-06.13.45:931][  0]LogPakFile: PakFile FullDirectoryIndexSize=148
[2023.06.13-06.13.45:931][  0]LogShaderLibrary: Display: ShaderCodeLibraryPakFileMountedCallback: PakFile 'C:/Program Files/Epic Games/UE_4.27/FeaturePacks/TP_ThirdPerson.upack' (chunk index -1, root 'root:/') mounted
[2023.06.13-06.13.45:931][  0]LogShaderLibrary: Display: ShaderCodeLibraryPakFileMountedCallback: pending pak file info (ChunkID:-1 Root:root:/ File:C:/Program Files/Epic Games/UE_4.27/FeaturePacks/TP_ThirdPerson.upack)
[2023.06.13-06.13.45:932][  0]LogPakFile: OnPakFileMounted2Time == 0.000705
[2023.06.13-06.13.45:933][  0]LogPakFile: PakFile PrimaryIndexSize=189
[2023.06.13-06.13.45:933][  0]LogPakFile: PakFile PathHashIndexSize=101
[2023.06.13-06.13.45:934][  0]LogPakFile: PakFile FullDirectoryIndexSize=152
[2023.06.13-06.13.45:934][  0]LogShaderLibrary: Display: ShaderCodeLibraryPakFileMountedCallback: PakFile 'C:/Program Files/Epic Games/UE_4.27/FeaturePacks/TP_ThirdPersonBP.upack' (chunk index -1, root 'root:/') mounted
[2023.06.13-06.13.45:934][  0]LogShaderLibrary: Display: ShaderCodeLibraryPakFileMountedCallback: pending pak file info (ChunkID:-1 Root:root:/ File:C:/Program Files/Epic Games/UE_4.27/FeaturePacks/TP_ThirdPersonBP.upack)
[2023.06.13-06.13.45:934][  0]LogPakFile: OnPakFileMounted2Time == 0.000348
[2023.06.13-06.13.45:936][  0]LogPakFile: PakFile PrimaryIndexSize=183
[2023.06.13-06.13.45:936][  0]LogPakFile: PakFile PathHashIndexSize=101
[2023.06.13-06.13.45:937][  0]LogPakFile: PakFile FullDirectoryIndexSize=140
[2023.06.13-06.13.45:937][  0]LogShaderLibrary: Display: ShaderCodeLibraryPakFileMountedCallback: PakFile 'C:/Program Files/Epic Games/UE_4.27/FeaturePacks/TP_TopDown.upack' (chunk index -1, root 'root:/') mounted
[2023.06.13-06.13.45:938][  0]LogShaderLibrary: Display: ShaderCodeLibraryPakFileMountedCallback: pending pak file info (ChunkID:-1 Root:root:/ File:C:/Program Files/Epic Games/UE_4.27/FeaturePacks/TP_TopDown.upack)
[2023.06.13-06.13.45:938][  0]LogPakFile: OnPakFileMounted2Time == 0.001175
[2023.06.13-06.13.45:940][  0]LogPakFile: PakFile PrimaryIndexSize=185
[2023.06.13-06.13.45:940][  0]LogPakFile: PakFile PathHashIndexSize=101
[2023.06.13-06.13.45:940][  0]LogPakFile: PakFile FullDirectoryIndexSize=144
[2023.06.13-06.13.45:940][  0]LogShaderLibrary: Display: ShaderCodeLibraryPakFileMountedCallback: PakFile 'C:/Program Files/Epic Games/UE_4.27/FeaturePacks/TP_TopDownBP.upack' (chunk index -1, root 'root:/') mounted
[2023.06.13-06.13.45:941][  0]LogShaderLibrary: Display: ShaderCodeLibraryPakFileMountedCallback: pending pak file info (ChunkID:-1 Root:root:/ File:C:/Program Files/Epic Games/UE_4.27/FeaturePacks/TP_TopDownBP.upack)
[2023.06.13-06.13.45:941][  0]LogPakFile: OnPakFileMounted2Time == 0.000219
[2023.06.13-06.13.45:942][  0]LogPakFile: PakFile PrimaryIndexSize=185
[2023.06.13-06.13.45:942][  0]LogPakFile: PakFile PathHashIndexSize=101
[2023.06.13-06.13.45:942][  0]LogPakFile: PakFile FullDirectoryIndexSize=144
[2023.06.13-06.13.45:942][  0]LogShaderLibrary: Display: ShaderCodeLibraryPakFileMountedCallback: PakFile 'C:/Program Files/Epic Games/UE_4.27/FeaturePacks/TP_TwinStick.upack' (chunk index -1, root 'root:/') mounted
[2023.06.13-06.13.45:943][  0]LogShaderLibrary: Display: ShaderCodeLibraryPakFileMountedCallback: pending pak file info (ChunkID:-1 Root:root:/ File:C:/Program Files/Epic Games/UE_4.27/FeaturePacks/TP_TwinStick.upack)
[2023.06.13-06.13.45:943][  0]LogPakFile: OnPakFileMounted2Time == 0.000708
[2023.06.13-06.13.45:944][  0]LogPakFile: PakFile PrimaryIndexSize=187
[2023.06.13-06.13.45:945][  0]LogPakFile: PakFile PathHashIndexSize=101
[2023.06.13-06.13.45:945][  0]LogPakFile: PakFile FullDirectoryIndexSize=148
[2023.06.13-06.13.45:945][  0]LogShaderLibrary: Display: ShaderCodeLibraryPakFileMountedCallback: PakFile 'C:/Program Files/Epic Games/UE_4.27/FeaturePacks/TP_TwinStickBP.upack' (chunk index -1, root 'root:/') mounted
[2023.06.13-06.13.45:945][  0]LogShaderLibrary: Display: ShaderCodeLibraryPakFileMountedCallback: pending pak file info (ChunkID:-1 Root:root:/ File:C:/Program Files/Epic Games/UE_4.27/FeaturePacks/TP_TwinStickBP.upack)
[2023.06.13-06.13.45:946][  0]LogPakFile: OnPakFileMounted2Time == 0.000700
[2023.06.13-06.13.45:947][  0]LogPakFile: PakFile PrimaryIndexSize=183
[2023.06.13-06.13.45:947][  0]LogPakFile: PakFile PathHashIndexSize=101
[2023.06.13-06.13.45:947][  0]LogPakFile: PakFile FullDirectoryIndexSize=140
[2023.06.13-06.13.45:948][  0]LogShaderLibrary: Display: ShaderCodeLibraryPakFileMountedCallback: PakFile 'C:/Program Files/Epic Games/UE_4.27/FeaturePacks/TP_Vehicle.upack' (chunk index -1, root 'root:/') mounted
[2023.06.13-06.13.45:948][  0]LogShaderLibrary: Display: ShaderCodeLibraryPakFileMountedCallback: pending pak file info (ChunkID:-1 Root:root:/ File:C:/Program Files/Epic Games/UE_4.27/FeaturePacks/TP_Vehicle.upack)
[2023.06.13-06.13.45:948][  0]LogPakFile: OnPakFileMounted2Time == 0.000354
[2023.06.13-06.13.45:949][  0]LogPakFile: PakFile PrimaryIndexSize=186
[2023.06.13-06.13.45:950][  0]LogPakFile: PakFile PathHashIndexSize=101
[2023.06.13-06.13.45:950][  0]LogPakFile: PakFile FullDirectoryIndexSize=146
[2023.06.13-06.13.45:950][  0]LogShaderLibrary: Display: ShaderCodeLibraryPakFileMountedCallback: PakFile 'C:/Program Files/Epic Games/UE_4.27/FeaturePacks/TP_VehicleAdv.upack' (chunk index -1, root 'root:/') mounted
[2023.06.13-06.13.45:950][  0]LogShaderLibrary: Display: ShaderCodeLibraryPakFileMountedCallback: pending pak file info (ChunkID:-1 Root:root:/ File:C:/Program Files/Epic Games/UE_4.27/FeaturePacks/TP_VehicleAdv.upack)
[2023.06.13-06.13.45:951][  0]LogPakFile: OnPakFileMounted2Time == 0.000291
[2023.06.13-06.13.45:952][  0]LogPakFile: PakFile PrimaryIndexSize=188
[2023.06.13-06.13.45:952][  0]LogPakFile: PakFile PathHashIndexSize=101
[2023.06.13-06.13.45:952][  0]LogPakFile: PakFile FullDirectoryIndexSize=150
[2023.06.13-06.13.45:952][  0]LogShaderLibrary: Display: ShaderCodeLibraryPakFileMountedCallback: PakFile 'C:/Program Files/Epic Games/UE_4.27/FeaturePacks/TP_VehicleAdvBP.upack' (chunk index -1, root 'root:/') mounted
[2023.06.13-06.13.45:952][  0]LogShaderLibrary: Display: ShaderCodeLibraryPakFileMountedCallback: pending pak file info (ChunkID:-1 Root:root:/ File:C:/Program Files/Epic Games/UE_4.27/FeaturePacks/TP_VehicleAdvBP.upack)
[2023.06.13-06.13.45:953][  0]LogPakFile: OnPakFileMounted2Time == 0.000366
[2023.06.13-06.13.45:955][  0]LogPakFile: PakFile PrimaryIndexSize=185
[2023.06.13-06.13.45:955][  0]LogPakFile: PakFile PathHashIndexSize=101
[2023.06.13-06.13.45:955][  0]LogPakFile: PakFile FullDirectoryIndexSize=144
[2023.06.13-06.13.45:955][  0]LogShaderLibrary: Display: ShaderCodeLibraryPakFileMountedCallback: PakFile 'C:/Program Files/Epic Games/UE_4.27/FeaturePacks/TP_VehicleBP.upack' (chunk index -1, root 'root:/') mounted
[2023.06.13-06.13.45:956][  0]LogShaderLibrary: Display: ShaderCodeLibraryPakFileMountedCallback: pending pak file info (ChunkID:-1 Root:root:/ File:C:/Program Files/Epic Games/UE_4.27/FeaturePacks/TP_VehicleBP.upack)
[2023.06.13-06.13.45:956][  0]LogPakFile: OnPakFileMounted2Time == 0.000582
[2023.06.13-06.13.45:957][  0]LogPakFile: PakFile PrimaryIndexSize=192
[2023.06.13-06.13.45:957][  0]LogPakFile: PakFile PathHashIndexSize=101
[2023.06.13-06.13.45:957][  0]LogPakFile: PakFile FullDirectoryIndexSize=158
[2023.06.13-06.13.45:958][  0]LogShaderLibrary: Display: ShaderCodeLibraryPakFileMountedCallback: PakFile 'C:/Program Files/Epic Games/UE_4.27/FeaturePacks/TP_VirtualRealityBP.upack' (chunk index -1, root 'root:/') mounted
[2023.06.13-06.13.45:958][  0]LogShaderLibrary: Display: ShaderCodeLibraryPakFileMountedCallback: pending pak file info (ChunkID:-1 Root:root:/ File:C:/Program Files/Epic Games/UE_4.27/FeaturePacks/TP_VirtualRealityBP.upack)
[2023.06.13-06.13.45:958][  0]LogPakFile: OnPakFileMounted2Time == 0.000314
[2023.06.13-06.13.46:080][  0]LogNativeClassHierarchy: Verbose: Native class hierarchy updated for 'AddContentDialog' in 0.0004 seconds. Added 0 classes and 0 folders.
[2023.06.13-06.13.46:109][  0]LogNativeClassHierarchy: Verbose: Native class hierarchy updated for 'WorldBrowser' in 0.0005 seconds. Added 2 classes and 3 folders.
[2023.06.13-06.13.46:232][  0]LogSlate: Took 0.000323 seconds to synchronously load lazily loaded font '../../../Engine/Content/Slate/Fonts/Roboto-Regular.ttf' (155K)
[2023.06.13-06.13.46:235][  0]LogSlate: Took 0.000253 seconds to synchronously load lazily loaded font '../../../Engine/Content/Editor/Slate/Fonts/FontAwesome.ttf' (139K)
[2023.06.13-06.13.46:240][  0]LogSlate: Took 0.000320 seconds to synchronously load lazily loaded font '../../../Engine/Content/Slate/Fonts/Roboto-Bold.ttf' (160K)
[2023.06.13-06.13.46:378][  0]LogRenderer: Reallocating scene render targets to support 1028x524 Format 10 NumSamples 1 (Frame:1).
[2023.06.13-06.13.46:508][  0]LogSlate: Took 0.000308 seconds to synchronously load lazily loaded font '../../../Engine/Content/Slate/Fonts/Roboto-Light.ttf' (167K)
[2023.06.13-06.13.46:573][  0]LogNativeClassHierarchy: Verbose: Native class hierarchy updated for 'HierarchicalLODOutliner' in 0.0005 seconds. Added 0 classes and 0 folders.
[2023.06.13-06.13.46:574][  0]LogInput: Warning: Action Jump uses invalid key OculusGo_Left_Trigger_Click.
[2023.06.13-06.13.46:574][  0]LogInput: Warning: Action ResetVR uses invalid key OculusGo_Left_Trackpad_Click.
[2023.06.13-06.13.46:574][  0]LogInput: Warning: Use -RemoveInvalidKeys to remove instances of these keys from the action mapping.
[2023.06.13-06.13.46:574][  0]LogLoad: (Engine Initialization) Total time: 14.13 seconds
[2023.06.13-06.13.46:574][  0]LogLoad: (Engine Initialization) Total Blueprint compile time: 0.00 seconds
[2023.06.13-06.13.46:642][  0]LogContentStreaming: Texture pool size now 1000 MB
[2023.06.13-06.13.46:666][  1]LogAssetRegistry: Asset discovery search completed in 6.8031 seconds
[2023.06.13-06.13.46:675][  1]LogCollectionManager: Fixed up redirectors for 0 collections in 0.000005 seconds (updated 0 objects)
[2023.06.13-06.14.30:117][ 15]LogSlate: Took 0.000246 seconds to synchronously load lazily loaded font '../../../Engine/Content/Slate/Fonts/Roboto-Light.ttf' (167K)
[2023.06.13-06.14.30:155][ 15]LogEditorClassViewer: Warning: Class /Engine/Tutorial/InWorldBlueprintEditing/TutorialAssets/IWBE_Blutility.IWBE_Blutility_C has parent /Script/Blutility.PlacedEditorUtilityBase, but this parent is not found. The Class will not be shown in ClassViewer.
[2023.06.13-06.14.34:726][ 15]LogSlate: Window 'Pick Parent Class' being destroyed
